0 verbose cli /usr/bin/node /usr/bin/npm
1 info using npm@10.8.2
2 info using node@v20.20.0
3 silly config load:file:/usr/lib/node_modules/npm/npmrc
4 silly config load:file:/var/www/.npmrc
5 silly config load:file:/usr/etc/npmrc
6 verbose title npm install react-select
7 verbose argv "install" "react-select"
8 verbose logfile logs-max:10 dir:/var/www/.npm/_logs/2026-01-29T04_07_02_734Z-
9 verbose logfile /var/www/.npm/_logs/2026-01-29T04_07_02_734Z-debug-0.log
10 silly packumentCache heap:4345298944 maxSize:1086324736 maxEntrySize:543162368
11 silly logfile start cleaning logs, removing 1 files
12 silly logfile done cleaning log files
13 silly idealTree buildDeps
14 silly fetch manifest react-select@*
15 silly packumentCache full:https://registry.npmjs.org/react-select cache-miss
16 http fetch GET 200 https://registry.npmjs.org/react-select 759ms (cache miss)
17 silly packumentCache full:https://registry.npmjs.org/react-select set size:undefined disposed:false
18 silly fetch manifest react@^18.2.0
19 silly packumentCache full:https://registry.npmjs.org/react cache-miss
20 http fetch GET 200 https://registry.npmjs.org/react 597ms (cache updated)
21 silly packumentCache full:https://registry.npmjs.org/react set size:undefined disposed:false
22 silly fetch manifest react-dom@^18.2.0
23 silly packumentCache full:https://registry.npmjs.org/react-dom cache-miss
24 http fetch GET 200 https://registry.npmjs.org/react-dom 518ms (cache updated)
25 silly packumentCache full:https://registry.npmjs.org/react-dom set size:undefined disposed:false
26 silly placeDep ROOT react-select@5.10.2 OK for:  want: *
27 silly fetch manifest @babel/runtime@^7.12.0
28 silly packumentCache full:https://registry.npmjs.org/@babel%2fruntime cache-miss
29 silly fetch manifest @emotion/cache@^11.4.0
30 silly packumentCache full:https://registry.npmjs.org/@emotion%2fcache cache-miss
31 silly fetch manifest @emotion/react@^11.8.1
32 silly packumentCache full:https://registry.npmjs.org/@emotion%2freact cache-miss
33 silly fetch manifest @types/react-transition-group@^4.4.0
34 silly packumentCache full:https://registry.npmjs.org/@types%2freact-transition-group cache-miss
35 silly fetch manifest memoize-one@^6.0.0
36 silly packumentCache full:https://registry.npmjs.org/memoize-one cache-miss
37 silly fetch manifest prop-types@^15.6.0
38 silly packumentCache full:https://registry.npmjs.org/prop-types cache-miss
39 silly fetch manifest react-transition-group@^4.3.0
40 silly packumentCache full:https://registry.npmjs.org/react-transition-group cache-miss
41 http fetch GET 200 https://registry.npmjs.org/@emotion%2freact 162ms (cache miss)
42 silly packumentCache full:https://registry.npmjs.org/@emotion%2freact set size:undefined disposed:false
43 silly fetch manifest use-isomorphic-layout-effect@^1.2.0
44 silly packumentCache full:https://registry.npmjs.org/use-isomorphic-layout-effect cache-miss
45 http fetch GET 200 https://registry.npmjs.org/use-isomorphic-layout-effect 390ms (cache miss)
46 silly packumentCache full:https://registry.npmjs.org/use-isomorphic-layout-effect set size:undefined disposed:false
47 http fetch GET 200 https://registry.npmjs.org/prop-types 561ms (cache miss)
48 silly packumentCache full:https://registry.npmjs.org/prop-types set size:undefined disposed:false
49 http fetch GET 200 https://registry.npmjs.org/@types%2freact-transition-group 567ms (cache miss)
50 silly packumentCache full:https://registry.npmjs.org/@types%2freact-transition-group set size:undefined disposed:false
51 http fetch GET 200 https://registry.npmjs.org/react-transition-group 572ms (cache miss)
52 silly packumentCache full:https://registry.npmjs.org/react-transition-group set size:undefined disposed:false
53 http fetch GET 200 https://registry.npmjs.org/memoize-one 577ms (cache miss)
54 silly packumentCache full:https://registry.npmjs.org/memoize-one set size:undefined disposed:false
55 http fetch GET 200 https://registry.npmjs.org/@emotion%2fcache 585ms (cache miss)
56 silly packumentCache full:https://registry.npmjs.org/@emotion%2fcache set size:undefined disposed:false
57 http fetch GET 200 https://registry.npmjs.org/@babel%2fruntime 826ms (cache miss)
58 silly packumentCache full:https://registry.npmjs.org/@babel%2fruntime set size:undefined disposed:false
59 silly fetch manifest react@^16.8.0 || ^17.0.0 || ^18.0.0 || ^19.0.0
60 silly packumentCache full:https://registry.npmjs.org/react cache-miss
61 http fetch GET 200 https://registry.npmjs.org/react 36ms (cache hit)
62 silly packumentCache full:https://registry.npmjs.org/react set size:6431012 disposed:false
63 silly fetch manifest @types/react@*
64 silly packumentCache full:https://registry.npmjs.org/@types%2freact cache-miss
65 http fetch GET 200 https://registry.npmjs.org/@types%2freact 441ms (cache miss)
66 silly packumentCache full:https://registry.npmjs.org/@types%2freact set size:undefined disposed:false
67 silly fetch manifest react-dom@^16.8.0 || ^17.0.0 || ^18.0.0 || ^19.0.0
68 silly packumentCache full:https://registry.npmjs.org/react-dom cache-miss
69 http fetch GET 200 https://registry.npmjs.org/react-dom 20ms (cache hit)
70 silly packumentCache full:https://registry.npmjs.org/react-dom set size:8492515 disposed:false
71 silly placeDep ROOT @babel/runtime@7.28.6 OK for: react-select@5.10.2 want: ^7.12.0
72 silly placeDep ROOT @emotion/cache@11.14.0 OK for: react-select@5.10.2 want: ^11.4.0
73 silly placeDep ROOT @emotion/react@11.14.0 OK for: react-select@5.10.2 want: ^11.8.1
74 silly placeDep ROOT @types/react-transition-group@4.4.12 OK for: react-select@5.10.2 want: ^4.4.0
75 silly placeDep ROOT @types/react@19.2.10 OK for: @types/react-transition-group@4.4.12 want: *
76 silly placeDep ROOT memoize-one@6.0.0 OK for: react-select@5.10.2 want: ^6.0.0
77 silly placeDep ROOT prop-types@15.8.1 OK for: react-select@5.10.2 want: ^15.6.0
78 silly placeDep ROOT react-transition-group@4.4.5 OK for: react-select@5.10.2 want: ^4.3.0
79 silly placeDep ROOT use-isomorphic-layout-effect@1.2.1 OK for: react-select@5.10.2 want: ^1.2.0
80 silly fetch manifest @emotion/memoize@^0.9.0
81 silly packumentCache full:https://registry.npmjs.org/@emotion%2fmemoize cache-miss
82 silly fetch manifest @emotion/sheet@^1.4.0
83 silly packumentCache full:https://registry.npmjs.org/@emotion%2fsheet cache-miss
84 silly fetch manifest @emotion/utils@^1.4.2
85 silly packumentCache full:https://registry.npmjs.org/@emotion%2futils cache-miss
86 silly fetch manifest @emotion/weak-memoize@^0.4.0
87 silly packumentCache full:https://registry.npmjs.org/@emotion%2fweak-memoize cache-miss
88 silly fetch manifest stylis@4.2.0
89 silly packumentCache full:https://registry.npmjs.org/stylis cache-miss
90 silly fetch manifest @emotion/babel-plugin@^11.13.5
91 silly packumentCache full:https://registry.npmjs.org/@emotion%2fbabel-plugin cache-miss
92 silly fetch manifest @emotion/serialize@^1.3.3
93 silly packumentCache full:https://registry.npmjs.org/@emotion%2fserialize cache-miss
94 http fetch GET 200 https://registry.npmjs.org/@emotion%2fmemoize 157ms (cache miss)
95 silly packumentCache full:https://registry.npmjs.org/@emotion%2fmemoize set size:undefined disposed:false
96 silly fetch manifest @emotion/use-insertion-effect-with-fallbacks@^1.2.0
97 silly packumentCache full:https://registry.npmjs.org/@emotion%2fuse-insertion-effect-with-fallbacks cache-miss
98 http fetch GET 200 https://registry.npmjs.org/stylis 174ms (cache miss)
99 silly packumentCache full:https://registry.npmjs.org/stylis set size:undefined disposed:false
100 silly fetch manifest @emotion/utils@^1.4.2
101 silly packumentCache full:https://registry.npmjs.org/@emotion%2futils cache-miss
102 http fetch GET 200 https://registry.npmjs.org/@emotion%2fbabel-plugin 200ms (cache miss)
103 silly packumentCache full:https://registry.npmjs.org/@emotion%2fbabel-plugin set size:undefined disposed:false
104 silly fetch manifest @emotion/weak-memoize@^0.4.0
105 silly packumentCache full:https://registry.npmjs.org/@emotion%2fweak-memoize cache-miss
106 http fetch GET 200 https://registry.npmjs.org/@emotion%2fserialize 209ms (cache miss)
107 silly packumentCache full:https://registry.npmjs.org/@emotion%2fserialize set size:undefined disposed:false
108 silly fetch manifest hoist-non-react-statics@^3.3.1
109 silly packumentCache full:https://registry.npmjs.org/hoist-non-react-statics cache-miss
110 http fetch GET 200 https://registry.npmjs.org/@emotion%2futils 218ms (cache miss)
111 silly packumentCache full:https://registry.npmjs.org/@emotion%2futils set size:undefined disposed:false
112 silly fetch manifest csstype@^3.2.2
113 silly packumentCache full:https://registry.npmjs.org/csstype cache-miss
114 http fetch GET 200 https://registry.npmjs.org/@emotion%2fuse-insertion-effect-with-fallbacks 179ms (cache miss)
115 silly packumentCache full:https://registry.npmjs.org/@emotion%2fuse-insertion-effect-with-fallbacks set size:undefined disposed:false
116 silly fetch manifest react-is@^16.13.1
117 silly packumentCache full:https://registry.npmjs.org/react-is cache-miss
118 http fetch GET 200 https://registry.npmjs.org/@emotion%2fweak-memoize 382ms (cache miss)
119 silly packumentCache full:https://registry.npmjs.org/@emotion%2fweak-memoize set size:undefined disposed:false
120 silly fetch manifest dom-helpers@^5.0.1
121 silly packumentCache full:https://registry.npmjs.org/dom-helpers cache-miss
122 http fetch GET 200 https://registry.npmjs.org/@emotion%2futils 213ms (cache miss)
123 silly packumentCache full:https://registry.npmjs.org/@emotion%2futils set size:undefined disposed:false
124 http fetch GET 200 https://registry.npmjs.org/@emotion%2fweak-memoize 192ms (cache miss)
125 silly packumentCache full:https://registry.npmjs.org/@emotion%2fweak-memoize set size:undefined disposed:false
126 http fetch GET 200 https://registry.npmjs.org/hoist-non-react-statics 189ms (cache miss)
127 silly packumentCache full:https://registry.npmjs.org/hoist-non-react-statics set size:undefined disposed:false
128 http fetch GET 200 https://registry.npmjs.org/@emotion%2fsheet 410ms (cache miss)
129 silly packumentCache full:https://registry.npmjs.org/@emotion%2fsheet set size:undefined disposed:false
130 http fetch GET 200 https://registry.npmjs.org/csstype 195ms (cache miss)
131 silly packumentCache full:https://registry.npmjs.org/csstype set size:undefined disposed:false
132 http fetch GET 200 https://registry.npmjs.org/dom-helpers 156ms (cache miss)
133 silly packumentCache full:https://registry.npmjs.org/dom-helpers set size:undefined disposed:false
134 http fetch GET 200 https://registry.npmjs.org/react-is 613ms (cache miss)
135 silly packumentCache full:https://registry.npmjs.org/react-is set size:undefined disposed:false
136 silly placeDep ROOT @emotion/memoize@0.9.0 OK for: @emotion/cache@11.14.0 want: ^0.9.0
137 silly placeDep ROOT @emotion/sheet@1.4.0 OK for: @emotion/cache@11.14.0 want: ^1.4.0
138 silly placeDep ROOT @emotion/utils@1.4.2 OK for: @emotion/cache@11.14.0 want: ^1.4.2
139 silly placeDep ROOT @emotion/weak-memoize@0.4.0 OK for: @emotion/cache@11.14.0 want: ^0.4.0
140 silly placeDep ROOT stylis@4.2.0 OK for: @emotion/cache@11.14.0 want: 4.2.0
141 silly fetch manifest react@>=16.8.0
142 silly packumentCache full:https://registry.npmjs.org/react cache-miss
143 http fetch GET 200 https://registry.npmjs.org/react 15ms (cache hit)
144 silly packumentCache full:https://registry.npmjs.org/react set size:6431012 disposed:false
145 silly placeDep ROOT @emotion/babel-plugin@11.13.5 OK for: @emotion/react@11.14.0 want: ^11.13.5
146 silly placeDep ROOT @emotion/serialize@1.3.3 OK for: @emotion/react@11.14.0 want: ^1.3.3
147 silly placeDep ROOT @emotion/use-insertion-effect-with-fallbacks@1.2.0 OK for: @emotion/react@11.14.0 want: ^1.2.0
148 silly placeDep ROOT hoist-non-react-statics@3.3.2 OK for: @emotion/react@11.14.0 want: ^3.3.1
149 silly fetch manifest @emotion/hash@^0.9.2
150 silly packumentCache full:https://registry.npmjs.org/@emotion%2fhash cache-miss
151 silly fetch manifest babel-plugin-macros@^3.1.0
152 silly packumentCache full:https://registry.npmjs.org/babel-plugin-macros cache-miss
153 silly fetch manifest convert-source-map@^1.5.0
154 silly packumentCache full:https://registry.npmjs.org/convert-source-map cache-miss
155 silly fetch manifest escape-string-regexp@^4.0.0
156 silly packumentCache full:https://registry.npmjs.org/escape-string-regexp cache-miss
157 silly fetch manifest find-root@^1.1.0
158 silly packumentCache full:https://registry.npmjs.org/find-root cache-miss
159 silly fetch manifest source-map@^0.5.7
160 silly packumentCache full:https://registry.npmjs.org/source-map cache-miss
161 silly fetch manifest @emotion/hash@^0.9.2
162 silly packumentCache full:https://registry.npmjs.org/@emotion%2fhash cache-miss
163 http fetch GET 200 https://registry.npmjs.org/find-root 178ms (cache miss)
164 silly packumentCache full:https://registry.npmjs.org/find-root set size:undefined disposed:false
165 silly fetch manifest @emotion/unitless@^0.10.0
166 silly packumentCache full:https://registry.npmjs.org/@emotion%2funitless cache-miss
167 http fetch GET 200 https://registry.npmjs.org/escape-string-regexp 182ms (cache miss)
168 silly packumentCache full:https://registry.npmjs.org/escape-string-regexp set size:undefined disposed:false
169 silly fetch manifest csstype@^3.0.2
170 silly packumentCache full:https://registry.npmjs.org/csstype cache-miss
171 http fetch GET 200 https://registry.npmjs.org/babel-plugin-macros 194ms (cache miss)
172 silly packumentCache full:https://registry.npmjs.org/babel-plugin-macros set size:undefined disposed:false
173 silly fetch manifest react-is@^16.7.0
174 silly packumentCache full:https://registry.npmjs.org/react-is cache-miss
175 http fetch GET 200 https://registry.npmjs.org/source-map 191ms (cache miss)
176 silly packumentCache full:https://registry.npmjs.org/source-map set size:undefined disposed:false
177 http fetch GET 200 https://registry.npmjs.org/convert-source-map 198ms (cache miss)
178 silly packumentCache full:https://registry.npmjs.org/convert-source-map set size:undefined disposed:false
179 http fetch GET 200 https://registry.npmjs.org/csstype 17ms (cache hit)
180 silly packumentCache full:https://registry.npmjs.org/csstype set size:274189 disposed:false
181 http fetch GET 200 https://registry.npmjs.org/react-is 25ms (cache hit)
182 silly packumentCache full:https://registry.npmjs.org/react-is set size:5209663 disposed:false
183 http fetch GET 200 https://registry.npmjs.org/@emotion%2fhash 341ms (cache miss)
184 silly packumentCache full:https://registry.npmjs.org/@emotion%2fhash set size:undefined disposed:false
185 http fetch GET 200 https://registry.npmjs.org/@emotion%2fhash 352ms (cache miss)
186 silly packumentCache full:https://registry.npmjs.org/@emotion%2fhash set size:undefined disposed:false
187 http fetch GET 200 https://registry.npmjs.org/@emotion%2funitless 168ms (cache miss)
188 silly packumentCache full:https://registry.npmjs.org/@emotion%2funitless set size:undefined disposed:false
189 silly placeDep ROOT @emotion/hash@0.9.2 OK for: @emotion/babel-plugin@11.13.5 want: ^0.9.2
190 silly placeDep ROOT babel-plugin-macros@3.1.0 OK for: @emotion/babel-plugin@11.13.5 want: ^3.1.0
191 silly placeDep node_modules/@emotion/babel-plugin convert-source-map@1.9.0 OK for: @emotion/babel-plugin@11.13.5 want: ^1.5.0
192 silly placeDep node_modules/@emotion/babel-plugin escape-string-regexp@4.0.0 OK for: @emotion/babel-plugin@11.13.5 want: ^4.0.0
193 silly placeDep ROOT find-root@1.1.0 OK for: @emotion/babel-plugin@11.13.5 want: ^1.1.0
194 silly placeDep ROOT source-map@0.5.7 OK for: @emotion/babel-plugin@11.13.5 want: ^0.5.7
195 silly fetch manifest cosmiconfig@^7.0.0
196 silly packumentCache full:https://registry.npmjs.org/cosmiconfig cache-miss
197 http fetch GET 200 https://registry.npmjs.org/cosmiconfig 152ms (cache miss)
198 silly packumentCache full:https://registry.npmjs.org/cosmiconfig set size:undefined disposed:false
199 silly placeDep ROOT @emotion/unitless@0.10.0 OK for: @emotion/serialize@1.3.3 want: ^0.10.0
200 silly placeDep ROOT csstype@3.2.3 OK for: @emotion/serialize@1.3.3 want: ^3.0.2
201 silly placeDep ROOT cosmiconfig@7.1.0 OK for: babel-plugin-macros@3.1.0 want: ^7.0.0
202 silly fetch manifest @types/parse-json@^4.0.0
203 silly packumentCache full:https://registry.npmjs.org/@types%2fparse-json cache-miss
204 silly fetch manifest import-fresh@^3.2.1
205 silly packumentCache full:https://registry.npmjs.org/import-fresh cache-miss
206 silly fetch manifest parse-json@^5.0.0
207 silly packumentCache full:https://registry.npmjs.org/parse-json cache-miss
208 silly fetch manifest path-type@^4.0.0
209 silly packumentCache full:https://registry.npmjs.org/path-type cache-miss
210 silly fetch manifest yaml@^1.10.0
211 silly packumentCache full:https://registry.npmjs.org/yaml cache-miss
212 http fetch GET 200 https://registry.npmjs.org/import-fresh 159ms (cache miss)
213 silly packumentCache full:https://registry.npmjs.org/import-fresh set size:undefined disposed:false
214 http fetch GET 200 https://registry.npmjs.org/@types%2fparse-json 172ms (cache miss)
215 silly packumentCache full:https://registry.npmjs.org/@types%2fparse-json set size:undefined disposed:false
216 http fetch GET 200 https://registry.npmjs.org/path-type 171ms (cache miss)
217 silly packumentCache full:https://registry.npmjs.org/path-type set size:undefined disposed:false
218 http fetch GET 200 https://registry.npmjs.org/parse-json 176ms (cache miss)
219 silly packumentCache full:https://registry.npmjs.org/parse-json set size:undefined disposed:false
220 http fetch GET 200 https://registry.npmjs.org/yaml 178ms (cache miss)
221 silly packumentCache full:https://registry.npmjs.org/yaml set size:undefined disposed:false
222 silly placeDep ROOT @types/parse-json@4.0.2 OK for: cosmiconfig@7.1.0 want: ^4.0.0
223 silly placeDep ROOT import-fresh@3.3.1 OK for: cosmiconfig@7.1.0 want: ^3.2.1
224 silly placeDep ROOT parse-json@5.2.0 OK for: cosmiconfig@7.1.0 want: ^5.0.0
225 silly placeDep ROOT path-type@4.0.0 OK for: cosmiconfig@7.1.0 want: ^4.0.0
226 silly placeDep node_modules/cosmiconfig yaml@1.10.2 OK for: cosmiconfig@7.1.0 want: ^1.10.0
227 silly fetch manifest parent-module@^1.0.0
228 silly packumentCache full:https://registry.npmjs.org/parent-module cache-miss
229 silly fetch manifest resolve-from@^4.0.0
230 silly packumentCache full:https://registry.npmjs.org/resolve-from cache-miss
231 silly fetch manifest error-ex@^1.3.1
232 silly packumentCache full:https://registry.npmjs.org/error-ex cache-miss
233 silly fetch manifest json-parse-even-better-errors@^2.3.0
234 silly packumentCache full:https://registry.npmjs.org/json-parse-even-better-errors cache-miss
235 http fetch GET 200 https://registry.npmjs.org/resolve-from 180ms (cache miss)
236 silly packumentCache full:https://registry.npmjs.org/resolve-from set size:undefined disposed:false
237 http fetch GET 200 https://registry.npmjs.org/parent-module 184ms (cache miss)
238 silly packumentCache full:https://registry.npmjs.org/parent-module set size:undefined disposed:false
239 http fetch GET 200 https://registry.npmjs.org/json-parse-even-better-errors 183ms (cache miss)
240 silly packumentCache full:https://registry.npmjs.org/json-parse-even-better-errors set size:undefined disposed:false
241 http fetch GET 200 https://registry.npmjs.org/error-ex 186ms (cache miss)
242 silly packumentCache full:https://registry.npmjs.org/error-ex set size:undefined disposed:false
243 silly placeDep ROOT react-is@16.13.1 OK for: hoist-non-react-statics@3.3.2 want: ^16.7.0
244 silly placeDep ROOT parent-module@1.0.1 OK for: import-fresh@3.3.1 want: ^1.0.0
245 silly placeDep ROOT resolve-from@4.0.0 OK for: import-fresh@3.3.1 want: ^4.0.0
246 silly fetch manifest callsites@^3.0.0
247 silly packumentCache full:https://registry.npmjs.org/callsites cache-miss
248 http fetch GET 200 https://registry.npmjs.org/callsites 154ms (cache miss)
249 silly packumentCache full:https://registry.npmjs.org/callsites set size:undefined disposed:false
250 silly placeDep ROOT callsites@3.1.0 OK for: parent-module@1.0.1 want: ^3.0.0
251 silly placeDep ROOT error-ex@1.3.4 OK for: parse-json@5.2.0 want: ^1.3.1
252 silly placeDep ROOT json-parse-even-better-errors@2.3.1 OK for: parse-json@5.2.0 want: ^2.3.0
253 silly fetch manifest is-arrayish@^0.2.1
254 silly packumentCache full:https://registry.npmjs.org/is-arrayish cache-miss
255 http fetch GET 200 https://registry.npmjs.org/is-arrayish 146ms (cache miss)
256 silly packumentCache full:https://registry.npmjs.org/is-arrayish set size:undefined disposed:false
257 silly placeDep ROOT is-arrayish@0.2.1 OK for: error-ex@1.3.4 want: ^0.2.1
258 silly placeDep ROOT dom-helpers@5.2.1 OK for: react-transition-group@4.4.5 want: ^5.0.1
259 silly reify moves {}
260 silly audit bulk request {
260 silly audit   '@alloc/quick-lru': [ '5.2.0' ],
260 silly audit   '@ampproject/remapping': [ '2.3.0' ],
260 silly audit   '@babel/code-frame': [ '7.24.2' ],
260 silly audit   '@babel/compat-data': [ '7.24.1' ],
260 silly audit   '@babel/core': [ '7.24.3' ],
260 silly audit   '@babel/generator': [ '7.24.1' ],
260 silly audit   '@babel/helper-compilation-targets': [ '7.23.6' ],
260 silly audit   '@babel/helper-environment-visitor': [ '7.22.20' ],
260 silly audit   '@babel/helper-function-name': [ '7.23.0' ],
260 silly audit   '@babel/helper-hoist-variables': [ '7.22.5' ],
260 silly audit   '@babel/helper-module-imports': [ '7.24.3' ],
260 silly audit   '@babel/helper-module-transforms': [ '7.23.3' ],
260 silly audit   '@babel/helper-plugin-utils': [ '7.24.0' ],
260 silly audit   '@babel/helper-simple-access': [ '7.22.5' ],
260 silly audit   '@babel/helper-split-export-declaration': [ '7.22.6' ],
260 silly audit   '@babel/helper-string-parser': [ '7.24.1' ],
260 silly audit   '@babel/helper-validator-identifier': [ '7.22.20' ],
260 silly audit   '@babel/helper-validator-option': [ '7.23.5' ],
260 silly audit   '@babel/helpers': [ '7.24.1' ],
260 silly audit   '@babel/highlight': [ '7.24.2' ],
260 silly audit   '@babel/parser': [ '7.24.1' ],
260 silly audit   '@babel/plugin-transform-react-jsx-self': [ '7.24.1' ],
260 silly audit   '@babel/plugin-transform-react-jsx-source': [ '7.24.1' ],
260 silly audit   '@babel/template': [ '7.24.0' ],
260 silly audit   '@babel/traverse': [ '7.24.1' ],
260 silly audit   '@babel/types': [ '7.24.0' ],
260 silly audit   '@esbuild/aix-ppc64': [ '0.20.2' ],
260 silly audit   '@esbuild/android-arm': [ '0.20.2' ],
260 silly audit   '@esbuild/android-arm64': [ '0.20.2' ],
260 silly audit   '@esbuild/android-x64': [ '0.20.2' ],
260 silly audit   '@esbuild/darwin-arm64': [ '0.20.2' ],
260 silly audit   '@esbuild/darwin-x64': [ '0.20.2' ],
260 silly audit   '@esbuild/freebsd-arm64': [ '0.20.2' ],
260 silly audit   '@esbuild/freebsd-x64': [ '0.20.2' ],
260 silly audit   '@esbuild/linux-arm': [ '0.20.2' ],
260 silly audit   '@esbuild/linux-arm64': [ '0.20.2' ],
260 silly audit   '@esbuild/linux-ia32': [ '0.20.2' ],
260 silly audit   '@esbuild/linux-loong64': [ '0.20.2' ],
260 silly audit   '@esbuild/linux-mips64el': [ '0.20.2' ],
260 silly audit   '@esbuild/linux-ppc64': [ '0.20.2' ],
260 silly audit   '@esbuild/linux-riscv64': [ '0.20.2' ],
260 silly audit   '@esbuild/linux-s390x': [ '0.20.2' ],
260 silly audit   '@esbuild/linux-x64': [ '0.20.2' ],
260 silly audit   '@esbuild/netbsd-x64': [ '0.20.2' ],
260 silly audit   '@esbuild/openbsd-x64': [ '0.20.2' ],
260 silly audit   '@esbuild/sunos-x64': [ '0.20.2' ],
260 silly audit   '@esbuild/win32-arm64': [ '0.20.2' ],
260 silly audit   '@esbuild/win32-ia32': [ '0.20.2' ],
260 silly audit   '@esbuild/win32-x64': [ '0.20.2' ],
260 silly audit   '@floating-ui/core': [ '1.7.3' ],
260 silly audit   '@floating-ui/dom': [ '1.7.4' ],
260 silly audit   '@floating-ui/react': [ '0.26.28' ],
260 silly audit   '@floating-ui/react-dom': [ '2.1.6' ],
260 silly audit   '@floating-ui/utils': [ '0.2.10' ],
260 silly audit   '@headlessui/react': [ '2.2.9' ],
260 silly audit   '@heroicons/react': [ '2.1.3' ],
260 silly audit   '@inertiajs/core': [ '2.3.11' ],
260 silly audit   '@inertiajs/react': [ '2.3.11' ],
260 silly audit   '@isaacs/cliui': [ '8.0.2' ],
260 silly audit   '@jridgewell/gen-mapping': [ '0.3.5' ],
260 silly audit   '@jridgewell/resolve-uri': [ '3.1.2' ],
260 silly audit   '@jridgewell/set-array': [ '1.2.1' ],
260 silly audit   '@jridgewell/sourcemap-codec': [ '1.4.15' ],
260 silly audit   '@jridgewell/trace-mapping': [ '0.3.25' ],
260 silly audit   '@nodelib/fs.scandir': [ '2.1.5' ],
260 silly audit   '@nodelib/fs.stat': [ '2.0.5' ],
260 silly audit   '@nodelib/fs.walk': [ '1.2.8' ],
260 silly audit   '@pkgjs/parseargs': [ '0.11.0' ],
260 silly audit   '@react-aria/focus': [ '3.21.3' ],
260 silly audit   '@react-aria/interactions': [ '3.26.0' ],
260 silly audit   '@react-aria/ssr': [ '3.9.10' ],
260 silly audit   '@react-aria/utils': [ '3.32.0' ],
260 silly audit   '@react-stately/flags': [ '3.1.2' ],
260 silly audit   '@react-stately/utils': [ '3.11.0' ],
260 silly audit   '@react-types/shared': [ '3.32.1' ],
260 silly audit   '@rollup/rollup-android-arm-eabi': [ '4.13.2' ],
260 silly audit   '@rollup/rollup-android-arm64': [ '4.13.2' ],
260 silly audit   '@rollup/rollup-darwin-arm64': [ '4.13.2' ],
260 silly audit   '@rollup/rollup-darwin-x64': [ '4.13.2' ],
260 silly audit   '@rollup/rollup-linux-arm-gnueabihf': [ '4.13.2' ],
260 silly audit   '@rollup/rollup-linux-arm64-gnu': [ '4.13.2' ],
260 silly audit   '@rollup/rollup-linux-arm64-musl': [ '4.13.2' ],
260 silly audit   '@rollup/rollup-linux-powerpc64le-gnu': [ '4.13.2' ],
260 silly audit   '@rollup/rollup-linux-riscv64-gnu': [ '4.13.2' ],
260 silly audit   '@rollup/rollup-linux-s390x-gnu': [ '4.13.2' ],
260 silly audit   '@rollup/rollup-linux-x64-gnu': [ '4.13.2' ],
260 silly audit   '@rollup/rollup-linux-x64-musl': [ '4.13.2' ],
260 silly audit   '@rollup/rollup-win32-arm64-msvc': [ '4.13.2' ],
260 silly audit   '@rollup/rollup-win32-ia32-msvc': [ '4.13.2' ],
260 silly audit   '@rollup/rollup-win32-x64-msvc': [ '4.13.2' ],
260 silly audit   '@swc/helpers': [ '0.5.18' ],
260 silly audit   '@tailwindcss/forms': [ '0.5.7' ],
260 silly audit   '@tanstack/react-virtual': [ '3.13.18' ],
260 silly audit   '@tanstack/virtual-core': [ '3.13.18' ],
260 silly audit   '@types/babel__core': [ '7.20.5' ],
260 silly audit   '@types/babel__generator': [ '7.6.8' ],
260 silly audit   '@types/babel__template': [ '7.4.4' ],
260 silly audit   '@types/babel__traverse': [ '7.20.5' ],
260 silly audit   '@types/estree': [ '1.0.5' ],
260 silly audit   '@types/lodash': [ '4.17.23' ],
260 silly audit   '@types/lodash-es': [ '4.17.12' ],
260 silly audit   '@vitejs/plugin-react': [ '4.2.1' ],
260 silly audit   'ansi-regex': [ '6.0.1', '5.0.1' ],
260 silly audit   'ansi-styles': [ '3.2.1', '4.3.0', '6.2.1' ],
260 silly audit   'any-promise': [ '1.3.0' ],
260 silly audit   anymatch: [ '3.1.3' ],
260 silly audit   arg: [ '5.0.2' ],
260 silly audit   asynckit: [ '0.4.0' ],
260 silly audit   autoprefixer: [ '10.4.19' ],
260 silly audit   axios: [ '1.13.3' ],
260 silly audit   'balanced-match': [ '1.0.2' ],
260 silly audit   'binary-extensions': [ '2.3.0' ],
260 silly audit   'brace-expansion': [ '2.0.1' ],
260 silly audit   braces: [ '3.0.2' ],
260 silly audit   browserslist: [ '4.23.0' ],
260 silly audit   'call-bind-apply-helpers': [ '1.0.2' ],
260 silly audit   'call-bound': [ '1.0.4' ],
260 silly audit   'camelcase-css': [ '2.0.1' ],
260 silly audit   'caniuse-lite': [ '1.0.30001600' ],
260 silly audit   chalk: [ '2.4.2' ],
260 silly audit   chokidar: [ '3.6.0' ],
260 silly audit   'glob-parent': [ '5.1.2', '6.0.2' ],
260 silly audit   clsx: [ '2.1.1' ],
260 silly audit   'color-convert': [ '1.9.3', '2.0.1' ],
260 silly audit   'color-name': [ '1.1.3', '1.1.4' ],
260 silly audit   'combined-stream': [ '1.0.8' ],
260 silly audit   commander: [ '4.1.1' ],
260 silly audit   'convert-source-map': [ '2.0.0', '1.9.0' ],
260 silly audit   'cross-spawn': [ '7.0.3' ],
260 silly audit   cssesc: [ '3.0.0' ],
260 silly audit   debug: [ '4.3.4' ],
260 silly audit   'delayed-stream': [ '1.0.0' ],
260 silly audit   didyoumean: [ '1.2.2' ],
260 silly audit   dlv: [ '1.1.3' ],
260 silly audit   'dunder-proto': [ '1.0.1' ],
260 silly audit   eastasianwidth: [ '0.2.0' ],
260 silly audit   'electron-to-chromium': [ '1.4.722' ],
260 silly audit   'emoji-regex': [ '9.2.2', '8.0.0' ],
260 silly audit   'es-define-property': [ '1.0.1' ],
260 silly audit   'es-errors': [ '1.3.0' ],
260 silly audit   'es-object-atoms': [ '1.1.1' ],
260 silly audit   'es-set-tostringtag': [ '2.1.0' ],
260 silly audit   esbuild: [ '0.20.2' ],
260 silly audit   escalade: [ '3.1.2' ],
260 silly audit   'escape-string-regexp': [ '1.0.5', '4.0.0' ],
260 silly audit   'fast-glob': [ '3.3.2' ],
260 silly audit   fastq: [ '1.17.1' ],
260 silly audit   'fill-range': [ '7.0.1' ],
260 silly audit   'follow-redirects': [ '1.15.6' ],
260 silly audit   'foreground-child': [ '3.1.1' ],
260 silly audit   'form-data': [ '4.0.5' ],
260 silly audit   'fraction.js': [ '4.3.7' ],
260 silly audit   fsevents: [ '2.3.3' ],
260 silly audit   'function-bind': [ '1.1.2' ],
260 silly audit   gensync: [ '1.0.0-beta.2' ],
260 silly audit   'get-intrinsic': [ '1.3.0' ],
260 silly audit   'get-proto': [ '1.0.1' ],
260 silly audit   glob: [ '10.3.12' ],
260 silly audit   globals: [ '11.12.0' ],
260 silly audit   gopd: [ '1.2.0' ],
260 silly audit   'has-flag': [ '3.0.0' ],
260 silly audit   'has-symbols': [ '1.1.0' ],
260 silly audit   'has-tostringtag': [ '1.0.2' ],
260 silly audit   hasown: [ '2.0.2' ],
260 silly audit   'is-binary-path': [ '2.1.0' ],
260 silly audit   'is-core-module': [ '2.13.1' ],
260 silly audit   'is-extglob': [ '2.1.1' ],
260 silly audit   'is-fullwidth-code-point': [ '3.0.0' ],
260 silly audit   'is-glob': [ '4.0.3' ],
260 silly audit   'is-number': [ '7.0.0' ],
260 silly audit   isexe: [ '2.0.0' ],
260 silly audit   jackspeak: [ '2.3.6' ],
260 silly audit   jiti: [ '1.21.0' ],
260 silly audit   'js-tokens': [ '4.0.0' ],
260 silly audit   jsesc: [ '2.5.2' ],
260 silly audit   json5: [ '2.2.3' ],
260 silly audit   'laravel-precognition': [ '1.0.0' ],
260 silly audit   'laravel-vite-plugin': [ '1.0.2' ],
260 silly audit   lilconfig: [ '2.1.0', '3.1.1' ],
260 silly audit   'lines-and-columns': [ '1.2.4' ],
260 silly audit   'lodash-es': [ '4.17.23' ],
260 silly audit   'loose-envify': [ '1.4.0' ],
260 silly audit   'lru-cache': [ '5.1.1', '10.2.0' ],
260 silly audit   'math-intrinsics': [ '1.1.0' ],
260 silly audit   merge2: [ '1.4.1' ],
260 silly audit   micromatch: [ '4.0.5' ],
260 silly audit   'mime-db': [ '1.52.0' ],
260 silly audit   'mime-types': [ '2.1.35' ],
260 silly audit   'mini-svg-data-uri': [ '1.4.4' ],
260 silly audit   minimatch: [ '9.0.4' ],
260 silly audit   minipass: [ '7.0.4' ],
260 silly audit   ms: [ '2.1.2' ],
260 silly audit   mz: [ '2.7.0' ],
260 silly audit   nanoid: [ '3.3.7' ],
260 silly audit   'node-releases': [ '2.0.14' ],
260 silly audit   'normalize-path': [ '3.0.0' ],
260 silly audit   'normalize-range': [ '0.1.2' ],
260 silly audit   'object-assign': [ '4.1.1' ],
260 silly audit   'object-hash': [ '3.0.0' ],
260 silly audit   'object-inspect': [ '1.13.4' ],
260 silly audit   'path-key': [ '3.1.1' ],
260 silly audit   'path-parse': [ '1.0.7' ],
260 silly audit   'path-scurry': [ '1.10.2' ],
260 silly audit   picocolors: [ '1.0.0' ],
260 silly audit   picomatch: [ '2.3.1' ],
260 silly audit   pify: [ '2.3.0' ],
260 silly audit   pirates: [ '4.0.6' ],
260 silly audit   postcss: [ '8.4.38' ],
260 silly audit   'postcss-import': [ '15.1.0' ],
260 silly audit   'postcss-js': [ '4.0.1' ],
260 silly audit   'postcss-load-config': [ '4.0.2' ],
260 silly audit   'postcss-nested': [ '6.0.1' ],
260 silly audit   'postcss-selector-parser': [ '6.0.16' ],
260 silly audit   'postcss-value-parser': [ '4.2.0' ],
260 silly audit   'proxy-from-env': [ '1.1.0' ],
260 silly audit   qs: [ '6.14.1' ],
260 silly audit   'queue-microtask': [ '1.2.3' ],
260 silly audit   react: [ '18.2.0' ],
260 silly audit   'react-dom': [ '18.2.0' ],
260 silly audit   'react-refresh': [ '0.14.0' ],
260 silly audit   'read-cache': [ '1.0.0' ],
260 silly audit   readdirp: [ '3.6.0' ],
260 silly audit   resolve: [ '1.22.8' ],
260 silly audit   reusify: [ '1.0.4' ],
260 silly audit   rollup: [ '4.13.2' ],
260 silly audit   'run-parallel': [ '1.2.0' ],
260 silly audit   scheduler: [ '0.23.0' ],
260 silly audit   semver: [ '6.3.1' ],
260 silly audit   'shebang-command': [ '2.0.0' ],
260 silly audit   'shebang-regex': [ '3.0.0' ],
260 silly audit   'side-channel': [ '1.1.0' ],
260 silly audit   'side-channel-list': [ '1.0.0' ],
260 silly audit   'side-channel-map': [ '1.0.1' ],
260 silly audit   'side-channel-weakmap': [ '1.0.2' ],
260 silly audit   'signal-exit': [ '4.1.0' ],
260 silly audit   'source-map-js': [ '1.2.0' ],
260 silly audit   'string-width': [ '5.1.2', '4.2.3' ],
260 silly audit   'strip-ansi': [ '6.0.1', '7.1.0' ],
260 silly audit   sucrase: [ '3.35.0' ],
260 silly audit   'supports-color': [ '5.5.0' ],
260 silly audit   'supports-preserve-symlinks-flag': [ '1.0.0' ],
260 silly audit   tabbable: [ '6.4.0' ],
260 silly audit   tailwindcss: [ '3.4.3' ],
260 silly audit   thenify: [ '3.3.1' ],
260 silly audit   'thenify-all': [ '1.6.0' ],
260 silly audit   'to-fast-properties': [ '2.0.0' ],
260 silly audit   'to-regex-range': [ '5.0.1' ],
260 silly audit   'ts-interface-checker': [ '0.1.13' ],
260 silly audit   tslib: [ '2.8.1' ],
260 silly audit   'update-browserslist-db': [ '1.0.13' ],
260 silly audit   'use-sync-external-store': [ '1.6.0' ],
260 silly audit   'util-deprecate': [ '1.0.2' ],
260 silly audit   vite: [ '5.2.7' ],
260 silly audit   'vite-plugin-full-reload': [ '1.1.0' ],
260 silly audit   which: [ '2.0.2' ],
260 silly audit   'wrap-ansi': [ '8.1.0', '7.0.0' ],
260 silly audit   yallist: [ '3.1.1' ],
260 silly audit   yaml: [ '2.4.1', '1.10.2' ],
260 silly audit   'react-select': [ '5.10.2' ],
260 silly audit   '@babel/runtime': [ '7.28.6' ],
260 silly audit   '@emotion/cache': [ '11.14.0' ],
260 silly audit   '@emotion/react': [ '11.14.0' ],
260 silly audit   '@types/react-transition-group': [ '4.4.12' ],
260 silly audit   '@types/react': [ '19.2.10' ],
260 silly audit   'memoize-one': [ '6.0.0' ],
260 silly audit   'prop-types': [ '15.8.1' ],
260 silly audit   'react-transition-group': [ '4.4.5' ],
260 silly audit   'use-isomorphic-layout-effect': [ '1.2.1' ],
260 silly audit   '@emotion/memoize': [ '0.9.0' ],
260 silly audit   '@emotion/sheet': [ '1.4.0' ],
260 silly audit   '@emotion/utils': [ '1.4.2' ],
260 silly audit   '@emotion/weak-memoize': [ '0.4.0' ],
260 silly audit   stylis: [ '4.2.0' ],
260 silly audit   '@emotion/babel-plugin': [ '11.13.5' ],
260 silly audit   '@emotion/serialize': [ '1.3.3' ],
260 silly audit   '@emotion/use-insertion-effect-with-fallbacks': [ '1.2.0' ],
260 silly audit   'hoist-non-react-statics': [ '3.3.2' ],
260 silly audit   '@emotion/hash': [ '0.9.2' ],
260 silly audit   'babel-plugin-macros': [ '3.1.0' ],
260 silly audit   'find-root': [ '1.1.0' ],
260 silly audit   'source-map': [ '0.5.7' ],
260 silly audit   '@emotion/unitless': [ '0.10.0' ],
260 silly audit   csstype: [ '3.2.3' ],
260 silly audit   cosmiconfig: [ '7.1.0' ],
260 silly audit   '@types/parse-json': [ '4.0.2' ],
260 silly audit   'import-fresh': [ '3.3.1' ],
260 silly audit   'parse-json': [ '5.2.0' ],
260 silly audit   'path-type': [ '4.0.0' ],
260 silly audit   'react-is': [ '16.13.1' ],
260 silly audit   'parent-module': [ '1.0.1' ],
260 silly audit   'resolve-from': [ '4.0.0' ],
260 silly audit   callsites: [ '3.1.0' ],
260 silly audit   'error-ex': [ '1.3.4' ],
260 silly audit   'json-parse-even-better-errors': [ '2.3.1' ],
260 silly audit   'is-arrayish': [ '0.2.1' ],
260 silly audit   'dom-helpers': [ '5.2.1' ]
260 silly audit }
261 verbose reify failed optional dependency /var/www/node_modules/fsevents
262 silly reify mark deleted [ '/var/www/node_modules/fsevents' ]
263 verbose reify failed optional dependency /var/www/node_modules/@rollup/rollup-win32-x64-msvc
264 silly reify mark deleted [ '/var/www/node_modules/@rollup/rollup-win32-x64-msvc' ]
265 verbose reify failed optional dependency /var/www/node_modules/@rollup/rollup-win32-ia32-msvc
266 silly reify mark deleted [ '/var/www/node_modules/@rollup/rollup-win32-ia32-msvc' ]
267 verbose reify failed optional dependency /var/www/node_modules/@rollup/rollup-win32-arm64-msvc
268 silly reify mark deleted [ '/var/www/node_modules/@rollup/rollup-win32-arm64-msvc' ]
269 verbose reify failed optional dependency /var/www/node_modules/@rollup/rollup-linux-s390x-gnu
270 silly reify mark deleted [ '/var/www/node_modules/@rollup/rollup-linux-s390x-gnu' ]
271 verbose reify failed optional dependency /var/www/node_modules/@rollup/rollup-linux-riscv64-gnu
272 silly reify mark deleted [ '/var/www/node_modules/@rollup/rollup-linux-riscv64-gnu' ]
273 verbose reify failed optional dependency /var/www/node_modules/@rollup/rollup-linux-powerpc64le-gnu
274 silly reify mark deleted [ '/var/www/node_modules/@rollup/rollup-linux-powerpc64le-gnu' ]
275 verbose reify failed optional dependency /var/www/node_modules/@rollup/rollup-linux-arm64-musl
276 silly reify mark deleted [ '/var/www/node_modules/@rollup/rollup-linux-arm64-musl' ]
277 verbose reify failed optional dependency /var/www/node_modules/@rollup/rollup-linux-arm64-gnu
278 silly reify mark deleted [ '/var/www/node_modules/@rollup/rollup-linux-arm64-gnu' ]
279 verbose reify failed optional dependency /var/www/node_modules/@rollup/rollup-linux-arm-gnueabihf
280 silly reify mark deleted [ '/var/www/node_modules/@rollup/rollup-linux-arm-gnueabihf' ]
281 verbose reify failed optional dependency /var/www/node_modules/@rollup/rollup-darwin-x64
282 silly reify mark deleted [ '/var/www/node_modules/@rollup/rollup-darwin-x64' ]
283 verbose reify failed optional dependency /var/www/node_modules/@rollup/rollup-darwin-arm64
284 silly reify mark deleted [ '/var/www/node_modules/@rollup/rollup-darwin-arm64' ]
285 verbose reify failed optional dependency /var/www/node_modules/@rollup/rollup-android-arm64
286 silly reify mark deleted [ '/var/www/node_modules/@rollup/rollup-android-arm64' ]
287 verbose reify failed optional dependency /var/www/node_modules/@rollup/rollup-android-arm-eabi
288 silly reify mark deleted [ '/var/www/node_modules/@rollup/rollup-android-arm-eabi' ]
289 verbose reify failed optional dependency /var/www/node_modules/@esbuild/win32-x64
290 silly reify mark deleted [ '/var/www/node_modules/@esbuild/win32-x64' ]
291 verbose reify failed optional dependency /var/www/node_modules/@esbuild/win32-ia32
292 silly reify mark deleted [ '/var/www/node_modules/@esbuild/win32-ia32' ]
293 verbose reify failed optional dependency /var/www/node_modules/@esbuild/win32-arm64
294 silly reify mark deleted [ '/var/www/node_modules/@esbuild/win32-arm64' ]
295 verbose reify failed optional dependency /var/www/node_modules/@esbuild/sunos-x64
296 silly reify mark deleted [ '/var/www/node_modules/@esbuild/sunos-x64' ]
297 verbose reify failed optional dependency /var/www/node_modules/@esbuild/openbsd-x64
298 silly reify mark deleted [ '/var/www/node_modules/@esbuild/openbsd-x64' ]
299 verbose reify failed optional dependency /var/www/node_modules/@esbuild/netbsd-x64
300 silly reify mark deleted [ '/var/www/node_modules/@esbuild/netbsd-x64' ]
301 verbose reify failed optional dependency /var/www/node_modules/@esbuild/linux-s390x
302 silly reify mark deleted [ '/var/www/node_modules/@esbuild/linux-s390x' ]
303 verbose reify failed optional dependency /var/www/node_modules/@esbuild/linux-riscv64
304 silly reify mark deleted [ '/var/www/node_modules/@esbuild/linux-riscv64' ]
305 verbose reify failed optional dependency /var/www/node_modules/@esbuild/linux-ppc64
306 silly reify mark deleted [ '/var/www/node_modules/@esbuild/linux-ppc64' ]
307 verbose reify failed optional dependency /var/www/node_modules/@esbuild/linux-mips64el
308 silly reify mark deleted [ '/var/www/node_modules/@esbuild/linux-mips64el' ]
309 verbose reify failed optional dependency /var/www/node_modules/@esbuild/linux-loong64
310 silly reify mark deleted [ '/var/www/node_modules/@esbuild/linux-loong64' ]
311 verbose reify failed optional dependency /var/www/node_modules/@esbuild/linux-ia32
312 silly reify mark deleted [ '/var/www/node_modules/@esbuild/linux-ia32' ]
313 verbose reify failed optional dependency /var/www/node_modules/@esbuild/linux-arm64
314 silly reify mark deleted [ '/var/www/node_modules/@esbuild/linux-arm64' ]
315 verbose reify failed optional dependency /var/www/node_modules/@esbuild/linux-arm
316 silly reify mark deleted [ '/var/www/node_modules/@esbuild/linux-arm' ]
317 verbose reify failed optional dependency /var/www/node_modules/@esbuild/freebsd-x64
318 silly reify mark deleted [ '/var/www/node_modules/@esbuild/freebsd-x64' ]
319 verbose reify failed optional dependency /var/www/node_modules/@esbuild/freebsd-arm64
320 silly reify mark deleted [ '/var/www/node_modules/@esbuild/freebsd-arm64' ]
321 verbose reify failed optional dependency /var/www/node_modules/@esbuild/darwin-x64
322 silly reify mark deleted [ '/var/www/node_modules/@esbuild/darwin-x64' ]
323 verbose reify failed optional dependency /var/www/node_modules/@esbuild/darwin-arm64
324 silly reify mark deleted [ '/var/www/node_modules/@esbuild/darwin-arm64' ]
325 verbose reify failed optional dependency /var/www/node_modules/@esbuild/android-x64
326 silly reify mark deleted [ '/var/www/node_modules/@esbuild/android-x64' ]
327 verbose reify failed optional dependency /var/www/node_modules/@esbuild/android-arm64
328 silly reify mark deleted [ '/var/www/node_modules/@esbuild/android-arm64' ]
329 verbose reify failed optional dependency /var/www/node_modules/@esbuild/android-arm
330 silly reify mark deleted [ '/var/www/node_modules/@esbuild/android-arm' ]
331 verbose reify failed optional dependency /var/www/node_modules/@esbuild/aix-ppc64
332 silly reify mark deleted [ '/var/www/node_modules/@esbuild/aix-ppc64' ]
333 silly tarball no local data for dom-helpers@https://registry.npmjs.org/dom-helpers/-/dom-helpers-5.2.1.tgz. Extracting by manifest.
334 silly tarball no local data for is-arrayish@https://registry.npmjs.org/is-arrayish/-/is-arrayish-0.2.1.tgz. Extracting by manifest.
335 silly tarball no local data for json-parse-even-better-errors@https://registry.npmjs.org/json-parse-even-better-errors/-/json-parse-even-better-errors-2.3.1.tgz. Extracting by manifest.
336 silly tarball no local data for error-ex@https://registry.npmjs.org/error-ex/-/error-ex-1.3.4.tgz. Extracting by manifest.
337 silly tarball no local data for callsites@https://registry.npmjs.org/callsites/-/callsites-3.1.0.tgz. Extracting by manifest.
338 silly tarball no local data for resolve-from@https://registry.npmjs.org/resolve-from/-/resolve-from-4.0.0.tgz. Extracting by manifest.
339 silly tarball no local data for parent-module@https://registry.npmjs.org/parent-module/-/parent-module-1.0.1.tgz. Extracting by manifest.
340 silly tarball no local data for react-is@https://registry.npmjs.org/react-is/-/react-is-16.13.1.tgz. Extracting by manifest.
341 silly tarball no local data for path-type@https://registry.npmjs.org/path-type/-/path-type-4.0.0.tgz. Extracting by manifest.
342 silly tarball no local data for parse-json@https://registry.npmjs.org/parse-json/-/parse-json-5.2.0.tgz. Extracting by manifest.
343 silly tarball no local data for @types/parse-json@https://registry.npmjs.org/@types/parse-json/-/parse-json-4.0.2.tgz. Extracting by manifest.
344 silly tarball no local data for cosmiconfig@https://registry.npmjs.org/cosmiconfig/-/cosmiconfig-7.1.0.tgz. Extracting by manifest.
345 silly tarball no local data for csstype@https://registry.npmjs.org/csstype/-/csstype-3.2.3.tgz. Extracting by manifest.
346 silly tarball no local data for @emotion/unitless@https://registry.npmjs.org/@emotion/unitless/-/unitless-0.10.0.tgz. Extracting by manifest.
347 silly tarball no local data for source-map@https://registry.npmjs.org/source-map/-/source-map-0.5.7.tgz. Extracting by manifest.
348 silly tarball no local data for find-root@https://registry.npmjs.org/find-root/-/find-root-1.1.0.tgz. Extracting by manifest.
349 silly tarball no local data for babel-plugin-macros@https://registry.npmjs.org/babel-plugin-macros/-/babel-plugin-macros-3.1.0.tgz. Extracting by manifest.
350 silly tarball no local data for @emotion/hash@https://registry.npmjs.org/@emotion/hash/-/hash-0.9.2.tgz. Extracting by manifest.
351 silly tarball no local data for hoist-non-react-statics@https://registry.npmjs.org/hoist-non-react-statics/-/hoist-non-react-statics-3.3.2.tgz. Extracting by manifest.
352 silly tarball no local data for @emotion/babel-plugin@https://registry.npmjs.org/@emotion/babel-plugin/-/babel-plugin-11.13.5.tgz. Extracting by manifest.
353 silly tarball no local data for stylis@https://registry.npmjs.org/stylis/-/stylis-4.2.0.tgz. Extracting by manifest.
354 silly tarball no local data for @emotion/weak-memoize@https://registry.npmjs.org/@emotion/weak-memoize/-/weak-memoize-0.4.0.tgz. Extracting by manifest.
355 silly tarball no local data for @emotion/use-insertion-effect-with-fallbacks@https://registry.npmjs.org/@emotion/use-insertion-effect-with-fallbacks/-/use-insertion-effect-with-fallbacks-1.2.0.tgz. Extracting by manifest.
356 silly tarball no local data for @emotion/serialize@https://registry.npmjs.org/@emotion/serialize/-/serialize-1.3.3.tgz. Extracting by manifest.
357 silly tarball no local data for @emotion/utils@https://registry.npmjs.org/@emotion/utils/-/utils-1.4.2.tgz. Extracting by manifest.
358 silly tarball no local data for @emotion/sheet@https://registry.npmjs.org/@emotion/sheet/-/sheet-1.4.0.tgz. Extracting by manifest.
359 silly tarball no local data for react-transition-group@https://registry.npmjs.org/react-transition-group/-/react-transition-group-4.4.5.tgz. Extracting by manifest.
360 silly tarball no local data for @emotion/memoize@https://registry.npmjs.org/@emotion/memoize/-/memoize-0.9.0.tgz. Extracting by manifest.
361 silly tarball no local data for use-isomorphic-layout-effect@https://registry.npmjs.org/use-isomorphic-layout-effect/-/use-isomorphic-layout-effect-1.2.1.tgz. Extracting by manifest.
362 silly tarball no local data for prop-types@https://registry.npmjs.org/prop-types/-/prop-types-15.8.1.tgz. Extracting by manifest.
363 silly tarball no local data for @types/react-transition-group@https://registry.npmjs.org/@types/react-transition-group/-/react-transition-group-4.4.12.tgz. Extracting by manifest.
364 silly tarball no local data for memoize-one@https://registry.npmjs.org/memoize-one/-/memoize-one-6.0.0.tgz. Extracting by manifest.
365 silly tarball no local data for @types/react@https://registry.npmjs.org/@types/react/-/react-19.2.10.tgz. Extracting by manifest.
366 silly tarball no local data for @emotion/react@https://registry.npmjs.org/@emotion/react/-/react-11.14.0.tgz. Extracting by manifest.
367 silly tarball no local data for @emotion/cache@https://registry.npmjs.org/@emotion/cache/-/cache-11.14.0.tgz. Extracting by manifest.
368 silly tarball no local data for escape-string-regexp@https://registry.npmjs.org/escape-string-regexp/-/escape-string-regexp-4.0.0.tgz. Extracting by manifest.
369 silly tarball no local data for @babel/runtime@https://registry.npmjs.org/@babel/runtime/-/runtime-7.28.6.tgz. Extracting by manifest.
370 silly tarball no local data for convert-source-map@https://registry.npmjs.org/convert-source-map/-/convert-source-map-1.9.0.tgz. Extracting by manifest.
371 silly tarball no local data for yaml@https://registry.npmjs.org/yaml/-/yaml-1.10.2.tgz. Extracting by manifest.
372 silly tarball no local data for react-select@https://registry.npmjs.org/react-select/-/react-select-5.10.2.tgz. Extracting by manifest.
373 silly tarball no local data for import-fresh@https://registry.npmjs.org/import-fresh/-/import-fresh-3.3.1.tgz. Extracting by manifest.
374 http fetch GET 200 https://registry.npmjs.org/callsites/-/callsites-3.1.0.tgz 241ms (cache miss)
375 http fetch GET 200 https://registry.npmjs.org/resolve-from/-/resolve-from-4.0.0.tgz 241ms (cache miss)
376 http fetch GET 200 https://registry.npmjs.org/error-ex/-/error-ex-1.3.4.tgz 245ms (cache miss)
377 http fetch GET 200 https://registry.npmjs.org/json-parse-even-better-errors/-/json-parse-even-better-errors-2.3.1.tgz 248ms (cache miss)
378 http fetch POST 200 https://registry.npmjs.org/-/npm/v1/security/advisories/bulk 324ms
379 silly audit report {
379 silly audit report   '@babel/helpers': [
379 silly audit report     {
379 silly audit report       id: 1104001,
379 silly audit report       url: 'https://github.com/advisories/GHSA-968p-4wvh-cqc8',
379 silly audit report       title: 'Babel has inefficient RegExp complexity in generated code with .replace when transpiling named capturing groups',
379 silly audit report       severity: 'moderate',
379 silly audit report       vulnerable_versions: '<7.26.10',
379 silly audit report       cwe: [Array],
379 silly audit report       cvss: [Object]
379 silly audit report     }
379 silly audit report   ],
379 silly audit report   'brace-expansion': [
379 silly audit report     {
379 silly audit report       id: 1105444,
379 silly audit report       url: 'https://github.com/advisories/GHSA-v6h2-p8h4-qcjw',
379 silly audit report       title: 'brace-expansion Regular Expression Denial of Service vulnerability',
379 silly audit report       severity: 'low',
379 silly audit report       vulnerable_versions: '>=2.0.0 <=2.0.1',
379 silly audit report       cwe: [Array],
379 silly audit report       cvss: [Object]
379 silly audit report     }
379 silly audit report   ],
379 silly audit report   braces: [
379 silly audit report     {
379 silly audit report       id: 1098094,
379 silly audit report       url: 'https://github.com/advisories/GHSA-grv7-fg5c-xmjg',
379 silly audit report       title: 'Uncontrolled resource consumption in braces',
379 silly audit report       severity: 'high',
379 silly audit report       vulnerable_versions: '<3.0.3',
379 silly audit report       cwe: [Array],
379 silly audit report       cvss: [Object]
379 silly audit report     }
379 silly audit report   ],
379 silly audit report   'cross-spawn': [
379 silly audit report     {
379 silly audit report       id: 1104664,
379 silly audit report       url: 'https://github.com/advisories/GHSA-3xgq-45jj-v275',
379 silly audit report       title: 'Regular Expression Denial of Service (ReDoS) in cross-spawn',
379 silly audit report       severity: 'high',
379 silly audit report       vulnerable_versions: '>=7.0.0 <7.0.5',
379 silly audit report       cwe: [Array],
379 silly audit report       cvss: [Object]
379 silly audit report     }
379 silly audit report   ],
379 silly audit report   esbuild: [
379 silly audit report     {
379 silly audit report       id: 1102341,
379 silly audit report       url: 'https://github.com/advisories/GHSA-67mh-4wv8-2f99',
379 silly audit report       title: 'esbuild enables any website to send any requests to the development server and read the response',
379 silly audit report       severity: 'moderate',
379 silly audit report       vulnerable_versions: '<=0.24.2',
379 silly audit report       cwe: [Array],
379 silly audit report       cvss: [Object]
379 silly audit report     }
379 silly audit report   ],
379 silly audit report   glob: [
379 silly audit report     {
379 silly audit report       id: 1109842,
379 silly audit report       url: 'https://github.com/advisories/GHSA-5j98-mcp5-4vw2',
379 silly audit report       title: 'glob CLI: Command injection via -c/--cmd executes matches with shell:true',
379 silly audit report       severity: 'high',
379 silly audit report       vulnerable_versions: '>=10.2.0 <10.5.0',
379 silly audit report       cwe: [Array],
379 silly audit report       cvss: [Object]
379 silly audit report     }
379 silly audit report   ],
379 silly audit report   micromatch: [
379 silly audit report     {
379 silly audit report       id: 1098681,
379 silly audit report       url: 'https://github.com/advisories/GHSA-952p-6rrq-rcjv',
379 silly audit report       title: 'Regular Expression Denial of Service (ReDoS) in micromatch',
379 silly audit report       severity: 'moderate',
379 silly audit report       vulnerable_versions: '<4.0.8',
379 silly audit report       cwe: [Array],
379 silly audit report       cvss: [Object]
379 silly audit report     }
379 silly audit report   ],
379 silly audit report   nanoid: [
379 silly audit report     {
379 silly audit report       id: 1109563,
379 silly audit report       url: 'https://github.com/advisories/GHSA-mwcw-c2x4-8c55',
379 silly audit report       title: 'Predictable results in nanoid generation when given non-integer values',
379 silly audit report       severity: 'moderate',
379 silly audit report       vulnerable_versions: '<3.3.8',
379 silly audit report       cwe: [Array],
379 silly audit report       cvss: [Object]
379 silly audit report     }
379 silly audit report   ],
379 silly audit report   rollup: [
379 silly audit report     {
379 silly audit report       id: 1099764,
379 silly audit report       url: 'https://github.com/advisories/GHSA-gcx4-mw62-g8wm',
379 silly audit report       title: 'DOM Clobbering Gadget found in rollup bundled scripts that leads to XSS',
379 silly audit report       severity: 'high',
379 silly audit report       vulnerable_versions: '>=4.0.0 <4.22.4',
379 silly audit report       cwe: [Array],
379 silly audit report       cvss: [Object]
379 silly audit report     }
379 silly audit report   ],
379 silly audit report   vite: [
379 silly audit report     {
379 silly audit report       id: 1099688,
379 silly audit report       url: 'https://github.com/advisories/GHSA-9cwx-2883-4wfx',
379 silly audit report       title: "Vite's `server.fs.deny` is bypassed when using `?import&raw`",
379 silly audit report       severity: 'moderate',
379 silly audit report       vulnerable_versions: '>=5.2.0 <5.2.14',
379 silly audit report       cwe: [Array],
379 silly audit report       cvss: [Object]
379 silly audit report     },
379 silly audit report     {
379 silly audit report       id: 1099691,
379 silly audit report       url: 'https://github.com/advisories/GHSA-64vr-g452-qvp3',
379 silly audit report       title: 'Vite DOM Clobbering gadget found in vite bundled scripts that leads to XSS',
379 silly audit report       severity: 'moderate',
379 silly audit report       vulnerable_versions: '>=5.2.0 <5.2.14',
379 silly audit report       cwe: [Array],
379 silly audit report       cvss: [Object]
379 silly audit report     },
379 silly audit report     {
379 silly audit report       id: 1102437,
379 silly audit report       url: 'https://github.com/advisories/GHSA-vg6x-rcgg-rjx6',
379 silly audit report       title: 'Websites were able to send any requests to the development server and read the response in vite',
379 silly audit report       severity: 'moderate',
379 silly audit report       vulnerable_versions: '>=5.0.0 <=5.4.11',
379 silly audit report       cwe: [Array],
379 silly audit report       cvss: [Object]
379 silly audit report     },
379 silly audit report     {
379 silly audit report       id: 1103517,
379 silly audit report       url: 'https://github.com/advisories/GHSA-x574-m823-4x7w',
379 silly audit report       title: 'Vite bypasses server.fs.deny when using ?raw??',
379 silly audit report       severity: 'moderate',
379 silly audit report       vulnerable_versions: '>=5.0.0 <5.4.15',
379 silly audit report       cwe: [Array],
379 silly audit report       cvss: [Object]
379 silly audit report     },
379 silly audit report     {
379 silly audit report       id: 1103884,
379 silly audit report       url: 'https://github.com/advisories/GHSA-356w-63v5-8wf4',
379 silly audit report       title: 'Vite has an `server.fs.deny` bypass with an invalid `request-target`',
379 silly audit report       severity: 'moderate',
379 silly audit report       vulnerable_versions: '>=5.0.0 <5.4.18',
379 silly audit report       cwe: [Array],
379 silly audit report       cvss: [Object]
379 silly audit report     },
379 silly audit report     {
379 silly audit report       id: 1104173,
379 silly audit report       url: 'https://github.com/advisories/GHSA-859w-5945-r5v3',
379 silly audit report       title: "Vite's server.fs.deny bypassed with /. for files under project root",
379 silly audit report       severity: 'moderate',
379 silly audit report       vulnerable_versions: '>=5.0.0 <=5.4.18',
379 silly audit report       cwe: [Array],
379 silly audit report       cvss: [Object]
379 silly audit report     },
379 silly audit report     {
379 silly audit report       id: 1104202,
379 silly audit report       url: 'https://github.com/advisories/GHSA-xcj6-pq6g-qj4x',
379 silly audit report       title: 'Vite allows server.fs.deny to be bypassed with .svg or relative paths',
379 silly audit report       severity: 'moderate',
379 silly audit report       vulnerable_versions: '>=5.0.0 <5.4.17',
379 silly audit report       cwe: [Array],
379 silly audit report       cvss: [Object]
379 silly audit report     },
379 silly audit report     {
379 silly audit report       id: 1107323,
379 silly audit report       url: 'https://github.com/advisories/GHSA-g4jq-h2w9-997c',
379 silly audit report       title: 'Vite middleware may serve files starting with the same name with the public directory',
379 silly audit report       severity: 'low',
379 silly audit report       vulnerable_versions: '<=5.4.19',
379 silly audit report       cwe: [Array],
379 silly audit report       cvss: [Object]
379 silly audit report     },
379 silly audit report     {
379 silly audit report       id: 1107327,
379 silly audit report       url: 'https://github.com/advisories/GHSA-jqfw-vq24-v9c3',
379 silly audit report       title: "Vite's `server.fs` settings were not applied to HTML files",
379 silly audit report       severity: 'low',
379 silly audit report       vulnerable_versions: '<=5.4.19',
379 silly audit report       cwe: [Array],
379 silly audit report       cvss: [Object]
379 silly audit report     },
379 silly audit report     {
379 silly audit report       id: 1109131,
379 silly audit report       url: 'https://github.com/advisories/GHSA-93m4-6634-74q7',
379 silly audit report       title: 'vite allows server.fs.deny bypass via backslash on Windows',
379 silly audit report       severity: 'moderate',
379 silly audit report       vulnerable_versions: '>=5.2.6 <=5.4.20',
379 silly audit report       cwe: [Array],
379 silly audit report       cvss: [Object]
379 silly audit report     },
379 silly audit report     {
379 silly audit report       id: 1112511,
379 silly audit report       url: 'https://github.com/advisories/GHSA-4r4m-qw57-chr8',
379 silly audit report       title: 'Vite has a `server.fs.deny` bypassed for `inline` and `raw` with `?import` query',
379 silly audit report       severity: 'moderate',
379 silly audit report       vulnerable_versions: '>=5.0.0 <5.4.16',
379 silly audit report       cwe: [Array],
379 silly audit report       cvss: [Object]
379 silly audit report     }
379 silly audit report   ]
379 silly audit report }
380 silly packumentCache corgi:https://registry.npmjs.org/@babel%2fhelpers cache-miss
381 silly packumentCache corgi:https://registry.npmjs.org/brace-expansion cache-miss
382 silly packumentCache corgi:https://registry.npmjs.org/braces cache-miss
383 silly packumentCache corgi:https://registry.npmjs.org/cross-spawn cache-miss
384 silly packumentCache corgi:https://registry.npmjs.org/esbuild cache-miss
385 silly packumentCache corgi:https://registry.npmjs.org/glob cache-miss
386 silly packumentCache corgi:https://registry.npmjs.org/micromatch cache-miss
387 silly packumentCache corgi:https://registry.npmjs.org/nanoid cache-miss
388 silly packumentCache corgi:https://registry.npmjs.org/rollup cache-miss
389 silly packumentCache corgi:https://registry.npmjs.org/vite cache-miss
390 http fetch GET 200 https://registry.npmjs.org/is-arrayish/-/is-arrayish-0.2.1.tgz 280ms (cache miss)
391 http fetch GET 200 https://registry.npmjs.org/find-root/-/find-root-1.1.0.tgz 447ms (cache miss)
392 http fetch GET 200 https://registry.npmjs.org/babel-plugin-macros/-/babel-plugin-macros-3.1.0.tgz 447ms (cache miss)
393 http fetch GET 200 https://registry.npmjs.org/hoist-non-react-statics/-/hoist-non-react-statics-3.3.2.tgz 450ms (cache miss)
394 http fetch GET 200 https://registry.npmjs.org/@emotion/hash/-/hash-0.9.2.tgz 452ms (cache miss)
395 http fetch GET 200 https://registry.npmjs.org/@emotion/weak-memoize/-/weak-memoize-0.4.0.tgz 608ms (cache miss)
396 http fetch GET 200 https://registry.npmjs.org/@emotion/use-insertion-effect-with-fallbacks/-/use-insertion-effect-with-fallbacks-1.2.0.tgz 619ms (cache miss)
397 http fetch GET 200 https://registry.npmjs.org/@emotion/serialize/-/serialize-1.3.3.tgz 633ms (cache miss)
398 http fetch GET 200 https://registry.npmjs.org/@emotion/sheet/-/sheet-1.4.0.tgz 677ms (cache miss)
399 http fetch GET 200 https://registry.npmjs.org/@emotion/utils/-/utils-1.4.2.tgz 681ms (cache miss)
400 http fetch GET 200 https://registry.npmjs.org/@emotion/babel-plugin/-/babel-plugin-11.13.5.tgz 796ms (cache miss)
401 http fetch GET 200 https://registry.npmjs.org/@emotion/memoize/-/memoize-0.9.0.tgz 814ms (cache miss)
402 http fetch GET 200 https://registry.npmjs.org/path-type/-/path-type-4.0.0.tgz 847ms (cache miss)
403 http fetch GET 200 https://registry.npmjs.org/parent-module/-/parent-module-1.0.1.tgz 857ms (cache miss)
404 http fetch GET 200 https://registry.npmjs.org/use-isomorphic-layout-effect/-/use-isomorphic-layout-effect-1.2.1.tgz 843ms (cache miss)
405 http fetch GET 200 https://registry.npmjs.org/stylis/-/stylis-4.2.0.tgz 856ms (cache miss)
406 http fetch GET 200 https://registry.npmjs.org/parse-json/-/parse-json-5.2.0.tgz 873ms (cache miss)
407 http fetch GET 200 https://registry.npmjs.org/@types/react-transition-group/-/react-transition-group-4.4.12.tgz 869ms (cache miss)
408 http fetch GET 200 https://registry.npmjs.org/react-is/-/react-is-16.13.1.tgz 909ms (cache miss)
409 http fetch GET 200 https://registry.npmjs.org/@types/parse-json/-/parse-json-4.0.2.tgz 916ms (cache miss)
410 http fetch GET 200 https://registry.npmjs.org/@babel%2fhelpers 672ms (cache revalidated)
411 silly packumentCache corgi:https://registry.npmjs.org/@babel%2fhelpers set size:204272 disposed:false
412 http fetch GET 200 https://registry.npmjs.org/esbuild 689ms (cache revalidated)
413 silly packumentCache corgi:https://registry.npmjs.org/esbuild set size:877737 disposed:false
414 http fetch GET 200 https://registry.npmjs.org/micromatch 706ms (cache revalidated)
415 silly packumentCache corgi:https://registry.npmjs.org/micromatch set size:71776 disposed:false
416 http fetch GET 200 https://registry.npmjs.org/memoize-one/-/memoize-one-6.0.0.tgz 930ms (cache miss)
417 http fetch GET 200 https://registry.npmjs.org/@emotion/unitless/-/unitless-0.10.0.tgz 958ms (cache miss)
418 http fetch GET 200 https://registry.npmjs.org/brace-expansion 724ms (cache revalidated)
419 silly packumentCache corgi:https://registry.npmjs.org/brace-expansion set size:16192 disposed:false
420 http fetch GET 200 https://registry.npmjs.org/prop-types/-/prop-types-15.8.1.tgz 950ms (cache miss)
421 http fetch GET 200 https://registry.npmjs.org/convert-source-map/-/convert-source-map-1.9.0.tgz 941ms (cache miss)
422 http fetch GET 200 https://registry.npmjs.org/escape-string-regexp/-/escape-string-regexp-4.0.0.tgz 949ms (cache miss)
423 http fetch GET 200 https://registry.npmjs.org/import-fresh/-/import-fresh-3.3.1.tgz 909ms (cache miss)
424 http fetch GET 200 https://registry.npmjs.org/cross-spawn 743ms (cache revalidated)
425 silly packumentCache corgi:https://registry.npmjs.org/cross-spawn set size:44626 disposed:false
426 http fetch GET 200 https://registry.npmjs.org/glob 746ms (cache revalidated)
427 silly packumentCache corgi:https://registry.npmjs.org/glob set size:159574 disposed:false
428 http fetch GET 200 https://registry.npmjs.org/nanoid 750ms (cache revalidated)
429 silly packumentCache corgi:https://registry.npmjs.org/nanoid set size:144434 disposed:false
430 http fetch GET 200 https://registry.npmjs.org/braces 824ms (cache revalidated)
431 silly packumentCache corgi:https://registry.npmjs.org/braces set size:35919 disposed:false
432 http fetch GET 200 https://registry.npmjs.org/rollup 839ms (cache revalidated)
433 silly packumentCache corgi:https://registry.npmjs.org/rollup set size:2526192 disposed:false
434 http fetch GET 200 https://registry.npmjs.org/source-map/-/source-map-0.5.7.tgz 1158ms (cache miss)
435 http fetch GET 200 https://registry.npmjs.org/@types/react/-/react-19.2.10.tgz 1169ms (cache miss)
436 http fetch GET 200 https://registry.npmjs.org/react-transition-group/-/react-transition-group-4.4.5.tgz 1215ms (cache miss)
437 http fetch GET 200 https://registry.npmjs.org/cosmiconfig/-/cosmiconfig-7.1.0.tgz 1323ms (cache miss)
438 http fetch GET 200 https://registry.npmjs.org/@emotion/cache/-/cache-11.14.0.tgz 1344ms (cache miss)
439 http fetch GET 200 https://registry.npmjs.org/csstype/-/csstype-3.2.3.tgz 1469ms (cache miss)
440 http fetch GET 200 https://registry.npmjs.org/yaml/-/yaml-1.10.2.tgz 1483ms (cache miss)
441 http fetch GET 200 https://registry.npmjs.org/vite 1339ms (cache updated)
442 silly packumentCache corgi:https://registry.npmjs.org/vite set size:undefined disposed:false
443 silly packumentCache corgi:https://registry.npmjs.org/@babel%2fcore cache-miss
444 http fetch GET 200 https://registry.npmjs.org/@emotion/react/-/react-11.14.0.tgz 1797ms (cache miss)
445 http fetch GET 200 https://registry.npmjs.org/react-select/-/react-select-5.10.2.tgz 1810ms (cache miss)
446 http fetch GET 200 https://registry.npmjs.org/dom-helpers/-/dom-helpers-5.2.1.tgz 1891ms (cache miss)
447 http fetch GET 200 https://registry.npmjs.org/@babel/runtime/-/runtime-7.28.6.tgz 1887ms (cache miss)
448 http fetch GET 200 https://registry.npmjs.org/@babel%2fcore 545ms (cache revalidated)
449 silly packumentCache corgi:https://registry.npmjs.org/@babel%2fcore set size:403464 disposed:false
450 silly packumentCache corgi:https://registry.npmjs.org/minimatch cache-miss
451 http fetch GET 200 https://registry.npmjs.org/minimatch 168ms (cache revalidated)
452 silly packumentCache corgi:https://registry.npmjs.org/minimatch set size:145311 disposed:false
453 silly packumentCache corgi:https://registry.npmjs.org/chokidar cache-miss
454 http fetch GET 200 https://registry.npmjs.org/chokidar 141ms (cache revalidated)
455 silly packumentCache corgi:https://registry.npmjs.org/chokidar set size:119454 disposed:false
456 silly packumentCache corgi:https://registry.npmjs.org/foreground-child cache-miss
457 http fetch GET 200 https://registry.npmjs.org/foreground-child 145ms (cache revalidated)
458 silly packumentCache corgi:https://registry.npmjs.org/foreground-child set size:21249 disposed:false
459 silly packumentCache corgi:https://registry.npmjs.org/sucrase cache-miss
460 http fetch GET 200 https://registry.npmjs.org/sucrase 138ms (cache revalidated)
461 silly packumentCache corgi:https://registry.npmjs.org/sucrase set size:163085 disposed:false
462 silly packumentCache corgi:https://registry.npmjs.org/fast-glob cache-miss
463 silly packumentCache corgi:https://registry.npmjs.org/tailwindcss cache-miss
464 http fetch GET 200 https://registry.npmjs.org/tailwindcss 155ms (cache revalidated)
465 silly packumentCache corgi:https://registry.npmjs.org/tailwindcss set size:4591578 disposed:false
466 http fetch GET 200 https://registry.npmjs.org/fast-glob 322ms (cache revalidated)
467 silly packumentCache corgi:https://registry.npmjs.org/fast-glob set size:86036 disposed:false
468 silly packumentCache corgi:https://registry.npmjs.org/postcss cache-miss
469 http fetch GET 200 https://registry.npmjs.org/postcss 141ms (cache revalidated)
470 silly packumentCache corgi:https://registry.npmjs.org/postcss set size:337129 disposed:false
471 silly packumentCache corgi:https://registry.npmjs.org/@vitejs%2fplugin-react cache-miss
472 silly packumentCache corgi:https://registry.npmjs.org/laravel-vite-plugin cache-miss
473 http fetch GET 200 https://registry.npmjs.org/@vitejs%2fplugin-react 152ms (cache revalidated)
474 silly packumentCache corgi:https://registry.npmjs.org/@vitejs%2fplugin-react set size:104872 disposed:false
475 http fetch GET 200 https://registry.npmjs.org/laravel-vite-plugin 320ms (cache revalidated)
476 silly packumentCache corgi:https://registry.npmjs.org/laravel-vite-plugin set size:63107 disposed:false
477 silly ADD node_modules/dom-helpers
478 silly ADD node_modules/is-arrayish
479 silly ADD node_modules/json-parse-even-better-errors
480 silly ADD node_modules/error-ex
481 silly ADD node_modules/callsites
482 silly ADD node_modules/resolve-from
483 silly ADD node_modules/parent-module
484 silly ADD node_modules/react-is
485 silly ADD node_modules/path-type
486 silly ADD node_modules/parse-json
487 silly ADD node_modules/import-fresh
488 silly ADD node_modules/@types/parse-json
489 silly ADD node_modules/cosmiconfig
490 silly ADD node_modules/cosmiconfig/node_modules/yaml
491 silly ADD node_modules/csstype
492 silly ADD node_modules/@emotion/unitless
493 silly ADD node_modules/source-map
494 silly ADD node_modules/find-root
495 silly ADD node_modules/babel-plugin-macros
496 silly ADD node_modules/@emotion/hash
497 silly ADD node_modules/hoist-non-react-statics
498 silly ADD node_modules/@emotion/use-insertion-effect-with-fallbacks
499 silly ADD node_modules/@emotion/serialize
500 silly ADD node_modules/@emotion/babel-plugin
501 silly ADD node_modules/@emotion/babel-plugin/node_modules/escape-string-regexp
502 silly ADD node_modules/@emotion/babel-plugin/node_modules/convert-source-map
503 silly ADD node_modules/stylis
504 silly ADD node_modules/@emotion/weak-memoize
505 silly ADD node_modules/@emotion/utils
506 silly ADD node_modules/@emotion/sheet
507 silly ADD node_modules/@emotion/memoize
508 silly ADD node_modules/use-isomorphic-layout-effect
509 silly ADD node_modules/react-transition-group
510 silly ADD node_modules/prop-types
511 silly ADD node_modules/memoize-one
512 silly ADD node_modules/@types/react
513 silly ADD node_modules/@types/react-transition-group
514 silly ADD node_modules/@emotion/react
515 silly ADD node_modules/@emotion/cache
516 silly ADD node_modules/@babel/runtime
517 silly ADD node_modules/react-select
518 silly ADD
519 silly ADD
520 silly ADD
521 silly ADD
522 silly ADD
523 silly ADD
524 silly ADD
525 silly ADD
526 silly ADD
527 silly ADD
528 silly ADD
529 silly ADD
530 silly ADD
531 silly ADD
532 silly ADD
533 silly ADD
534 silly ADD
535 silly ADD
536 silly ADD
537 silly ADD
538 silly ADD
539 silly ADD
540 silly ADD
541 silly ADD
542 silly ADD
543 silly ADD
544 silly ADD
545 silly ADD
546 silly ADD
547 silly ADD
548 silly ADD
549 silly ADD
550 silly ADD
551 silly ADD
552 silly ADD
553 silly ADD
554 verbose cwd /var/www
555 verbose os Linux 5.15.167.4-microsoft-standard-WSL2
556 verbose node v20.20.0
557 verbose npm  v10.8.2
558 verbose exit 0
559 info ok
