0 verbose cli /usr/bin/node /usr/bin/npm
1 info using npm@10.8.2
2 info using node@v20.20.0
3 silly config load:file:/usr/lib/node_modules/npm/npmrc
4 silly config load:file:/var/www/.npmrc
5 silly config load:file:/usr/etc/npmrc
6 verbose title npm install
7 verbose argv "install"
8 verbose logfile logs-max:10 dir:/var/www/.npm/_logs/2026-01-28T02_56_03_261Z-
9 verbose logfile /var/www/.npm/_logs/2026-01-28T02_56_03_261Z-debug-0.log
10 silly packumentCache heap:4345298944 maxSize:1086324736 maxEntrySize:543162368
11 silly logfile done cleaning log files
12 silly idealTree buildDeps
13 verbose shrinkwrap failed to load node_modules/.package-lock.json out of date, updated: node_modules
14 silly reify moves {}
15 silly audit bulk request {
15 silly audit   '@alloc/quick-lru': [ '5.2.0' ],
15 silly audit   '@ampproject/remapping': [ '2.3.0' ],
15 silly audit   '@babel/code-frame': [ '7.24.2' ],
15 silly audit   '@babel/compat-data': [ '7.24.1' ],
15 silly audit   '@babel/core': [ '7.24.3' ],
15 silly audit   '@babel/generator': [ '7.24.1' ],
15 silly audit   '@babel/helper-compilation-targets': [ '7.23.6' ],
15 silly audit   '@babel/helper-environment-visitor': [ '7.22.20' ],
15 silly audit   '@babel/helper-function-name': [ '7.23.0' ],
15 silly audit   '@babel/helper-hoist-variables': [ '7.22.5' ],
15 silly audit   '@babel/helper-module-imports': [ '7.24.3' ],
15 silly audit   '@babel/helper-module-transforms': [ '7.23.3' ],
15 silly audit   '@babel/helper-plugin-utils': [ '7.24.0' ],
15 silly audit   '@babel/helper-simple-access': [ '7.22.5' ],
15 silly audit   '@babel/helper-split-export-declaration': [ '7.22.6' ],
15 silly audit   '@babel/helper-string-parser': [ '7.24.1' ],
15 silly audit   '@babel/helper-validator-identifier': [ '7.22.20' ],
15 silly audit   '@babel/helper-validator-option': [ '7.23.5' ],
15 silly audit   '@babel/helpers': [ '7.24.1' ],
15 silly audit   '@babel/highlight': [ '7.24.2' ],
15 silly audit   '@babel/parser': [ '7.24.1' ],
15 silly audit   '@babel/plugin-transform-react-jsx-self': [ '7.24.1' ],
15 silly audit   '@babel/plugin-transform-react-jsx-source': [ '7.24.1' ],
15 silly audit   '@babel/template': [ '7.24.0' ],
15 silly audit   '@babel/traverse': [ '7.24.1' ],
15 silly audit   '@babel/types': [ '7.24.0' ],
15 silly audit   '@esbuild/aix-ppc64': [ '0.20.2' ],
15 silly audit   '@esbuild/android-arm': [ '0.20.2' ],
15 silly audit   '@esbuild/android-arm64': [ '0.20.2' ],
15 silly audit   '@esbuild/android-x64': [ '0.20.2' ],
15 silly audit   '@esbuild/darwin-arm64': [ '0.20.2' ],
15 silly audit   '@esbuild/darwin-x64': [ '0.20.2' ],
15 silly audit   '@esbuild/freebsd-arm64': [ '0.20.2' ],
15 silly audit   '@esbuild/freebsd-x64': [ '0.20.2' ],
15 silly audit   '@esbuild/linux-arm': [ '0.20.2' ],
15 silly audit   '@esbuild/linux-arm64': [ '0.20.2' ],
15 silly audit   '@esbuild/linux-ia32': [ '0.20.2' ],
15 silly audit   '@esbuild/linux-loong64': [ '0.20.2' ],
15 silly audit   '@esbuild/linux-mips64el': [ '0.20.2' ],
15 silly audit   '@esbuild/linux-ppc64': [ '0.20.2' ],
15 silly audit   '@esbuild/linux-riscv64': [ '0.20.2' ],
15 silly audit   '@esbuild/linux-s390x': [ '0.20.2' ],
15 silly audit   '@esbuild/linux-x64': [ '0.20.2' ],
15 silly audit   '@esbuild/netbsd-x64': [ '0.20.2' ],
15 silly audit   '@esbuild/openbsd-x64': [ '0.20.2' ],
15 silly audit   '@esbuild/sunos-x64': [ '0.20.2' ],
15 silly audit   '@esbuild/win32-arm64': [ '0.20.2' ],
15 silly audit   '@esbuild/win32-ia32': [ '0.20.2' ],
15 silly audit   '@esbuild/win32-x64': [ '0.20.2' ],
15 silly audit   '@floating-ui/core': [ '1.7.3' ],
15 silly audit   '@floating-ui/dom': [ '1.7.4' ],
15 silly audit   '@floating-ui/react': [ '0.26.28' ],
15 silly audit   '@floating-ui/react-dom': [ '2.1.6' ],
15 silly audit   '@floating-ui/utils': [ '0.2.10' ],
15 silly audit   '@headlessui/react': [ '2.2.9' ],
15 silly audit   '@heroicons/react': [ '2.1.3' ],
15 silly audit   '@inertiajs/core': [ '2.3.11' ],
15 silly audit   '@inertiajs/react': [ '2.3.11' ],
15 silly audit   '@isaacs/cliui': [ '8.0.2' ],
15 silly audit   '@jridgewell/gen-mapping': [ '0.3.5' ],
15 silly audit   '@jridgewell/resolve-uri': [ '3.1.2' ],
15 silly audit   '@jridgewell/set-array': [ '1.2.1' ],
15 silly audit   '@jridgewell/sourcemap-codec': [ '1.4.15' ],
15 silly audit   '@jridgewell/trace-mapping': [ '0.3.25' ],
15 silly audit   '@nodelib/fs.scandir': [ '2.1.5' ],
15 silly audit   '@nodelib/fs.stat': [ '2.0.5' ],
15 silly audit   '@nodelib/fs.walk': [ '1.2.8' ],
15 silly audit   '@pkgjs/parseargs': [ '0.11.0' ],
15 silly audit   '@react-aria/focus': [ '3.21.3' ],
15 silly audit   '@react-aria/interactions': [ '3.26.0' ],
15 silly audit   '@react-aria/ssr': [ '3.9.10' ],
15 silly audit   '@react-aria/utils': [ '3.32.0' ],
15 silly audit   '@react-stately/flags': [ '3.1.2' ],
15 silly audit   '@react-stately/utils': [ '3.11.0' ],
15 silly audit   '@react-types/shared': [ '3.32.1' ],
15 silly audit   '@rollup/rollup-android-arm-eabi': [ '4.13.2' ],
15 silly audit   '@rollup/rollup-android-arm64': [ '4.13.2' ],
15 silly audit   '@rollup/rollup-darwin-arm64': [ '4.13.2' ],
15 silly audit   '@rollup/rollup-darwin-x64': [ '4.13.2' ],
15 silly audit   '@rollup/rollup-linux-arm-gnueabihf': [ '4.13.2' ],
15 silly audit   '@rollup/rollup-linux-arm64-gnu': [ '4.13.2' ],
15 silly audit   '@rollup/rollup-linux-arm64-musl': [ '4.13.2' ],
15 silly audit   '@rollup/rollup-linux-powerpc64le-gnu': [ '4.13.2' ],
15 silly audit   '@rollup/rollup-linux-riscv64-gnu': [ '4.13.2' ],
15 silly audit   '@rollup/rollup-linux-s390x-gnu': [ '4.13.2' ],
15 silly audit   '@rollup/rollup-linux-x64-gnu': [ '4.13.2' ],
15 silly audit   '@rollup/rollup-linux-x64-musl': [ '4.13.2' ],
15 silly audit   '@rollup/rollup-win32-arm64-msvc': [ '4.13.2' ],
15 silly audit   '@rollup/rollup-win32-ia32-msvc': [ '4.13.2' ],
15 silly audit   '@rollup/rollup-win32-x64-msvc': [ '4.13.2' ],
15 silly audit   '@swc/helpers': [ '0.5.18' ],
15 silly audit   '@tailwindcss/forms': [ '0.5.7' ],
15 silly audit   '@tanstack/react-virtual': [ '3.13.18' ],
15 silly audit   '@tanstack/virtual-core': [ '3.13.18' ],
15 silly audit   '@types/babel__core': [ '7.20.5' ],
15 silly audit   '@types/babel__generator': [ '7.6.8' ],
15 silly audit   '@types/babel__template': [ '7.4.4' ],
15 silly audit   '@types/babel__traverse': [ '7.20.5' ],
15 silly audit   '@types/estree': [ '1.0.5' ],
15 silly audit   '@types/lodash': [ '4.17.23' ],
15 silly audit   '@types/lodash-es': [ '4.17.12' ],
15 silly audit   '@vitejs/plugin-react': [ '4.2.1' ],
15 silly audit   'ansi-regex': [ '6.0.1', '5.0.1' ],
15 silly audit   'ansi-styles': [ '3.2.1', '4.3.0', '6.2.1' ],
15 silly audit   'any-promise': [ '1.3.0' ],
15 silly audit   anymatch: [ '3.1.3' ],
15 silly audit   arg: [ '5.0.2' ],
15 silly audit   asynckit: [ '0.4.0' ],
15 silly audit   autoprefixer: [ '10.4.19' ],
15 silly audit   axios: [ '1.13.3' ],
15 silly audit   'balanced-match': [ '1.0.2' ],
15 silly audit   'binary-extensions': [ '2.3.0' ],
15 silly audit   'brace-expansion': [ '2.0.1' ],
15 silly audit   braces: [ '3.0.2' ],
15 silly audit   browserslist: [ '4.23.0' ],
15 silly audit   'call-bind-apply-helpers': [ '1.0.2' ],
15 silly audit   'call-bound': [ '1.0.4' ],
15 silly audit   'camelcase-css': [ '2.0.1' ],
15 silly audit   'caniuse-lite': [ '1.0.30001600' ],
15 silly audit   chalk: [ '2.4.2' ],
15 silly audit   chokidar: [ '3.6.0' ],
15 silly audit   'glob-parent': [ '5.1.2', '6.0.2' ],
15 silly audit   clsx: [ '2.1.1' ],
15 silly audit   'color-convert': [ '1.9.3', '2.0.1' ],
15 silly audit   'color-name': [ '1.1.3', '1.1.4' ],
15 silly audit   'combined-stream': [ '1.0.8' ],
15 silly audit   commander: [ '4.1.1' ],
15 silly audit   'convert-source-map': [ '2.0.0' ],
15 silly audit   'cross-spawn': [ '7.0.3' ],
15 silly audit   cssesc: [ '3.0.0' ],
15 silly audit   debug: [ '4.3.4' ],
15 silly audit   'delayed-stream': [ '1.0.0' ],
15 silly audit   didyoumean: [ '1.2.2' ],
15 silly audit   dlv: [ '1.1.3' ],
15 silly audit   'dunder-proto': [ '1.0.1' ],
15 silly audit   eastasianwidth: [ '0.2.0' ],
15 silly audit   'electron-to-chromium': [ '1.4.722' ],
15 silly audit   'emoji-regex': [ '9.2.2', '8.0.0' ],
15 silly audit   'es-define-property': [ '1.0.1' ],
15 silly audit   'es-errors': [ '1.3.0' ],
15 silly audit   'es-object-atoms': [ '1.1.1' ],
15 silly audit   'es-set-tostringtag': [ '2.1.0' ],
15 silly audit   esbuild: [ '0.20.2' ],
15 silly audit   escalade: [ '3.1.2' ],
15 silly audit   'escape-string-regexp': [ '1.0.5' ],
15 silly audit   'fast-glob': [ '3.3.2' ],
15 silly audit   fastq: [ '1.17.1' ],
15 silly audit   'fill-range': [ '7.0.1' ],
15 silly audit   'follow-redirects': [ '1.15.6' ],
15 silly audit   'foreground-child': [ '3.1.1' ],
15 silly audit   'form-data': [ '4.0.5' ],
15 silly audit   'fraction.js': [ '4.3.7' ],
15 silly audit   fsevents: [ '2.3.3' ],
15 silly audit   'function-bind': [ '1.1.2' ],
15 silly audit   gensync: [ '1.0.0-beta.2' ],
15 silly audit   'get-intrinsic': [ '1.3.0' ],
15 silly audit   'get-proto': [ '1.0.1' ],
15 silly audit   glob: [ '10.3.12' ],
15 silly audit   globals: [ '11.12.0' ],
15 silly audit   gopd: [ '1.2.0' ],
15 silly audit   'has-flag': [ '3.0.0' ],
15 silly audit   'has-symbols': [ '1.1.0' ],
15 silly audit   'has-tostringtag': [ '1.0.2' ],
15 silly audit   hasown: [ '2.0.2' ],
15 silly audit   'is-binary-path': [ '2.1.0' ],
15 silly audit   'is-core-module': [ '2.13.1' ],
15 silly audit   'is-extglob': [ '2.1.1' ],
15 silly audit   'is-fullwidth-code-point': [ '3.0.0' ],
15 silly audit   'is-glob': [ '4.0.3' ],
15 silly audit   'is-number': [ '7.0.0' ],
15 silly audit   isexe: [ '2.0.0' ],
15 silly audit   jackspeak: [ '2.3.6' ],
15 silly audit   jiti: [ '1.21.0' ],
15 silly audit   'js-tokens': [ '4.0.0' ],
15 silly audit   jsesc: [ '2.5.2' ],
15 silly audit   json5: [ '2.2.3' ],
15 silly audit   'laravel-precognition': [ '1.0.0' ],
15 silly audit   'laravel-vite-plugin': [ '1.0.2' ],
15 silly audit   lilconfig: [ '2.1.0', '3.1.1' ],
15 silly audit   'lines-and-columns': [ '1.2.4' ],
15 silly audit   'lodash-es': [ '4.17.23' ],
15 silly audit   'loose-envify': [ '1.4.0' ],
15 silly audit   'lru-cache': [ '5.1.1', '10.2.0' ],
15 silly audit   'math-intrinsics': [ '1.1.0' ],
15 silly audit   merge2: [ '1.4.1' ],
15 silly audit   micromatch: [ '4.0.5' ],
15 silly audit   'mime-db': [ '1.52.0' ],
15 silly audit   'mime-types': [ '2.1.35' ],
15 silly audit   'mini-svg-data-uri': [ '1.4.4' ],
15 silly audit   minimatch: [ '9.0.4' ],
15 silly audit   minipass: [ '7.0.4' ],
15 silly audit   ms: [ '2.1.2' ],
15 silly audit   mz: [ '2.7.0' ],
15 silly audit   nanoid: [ '3.3.7' ],
15 silly audit   'node-releases': [ '2.0.14' ],
15 silly audit   'normalize-path': [ '3.0.0' ],
15 silly audit   'normalize-range': [ '0.1.2' ],
15 silly audit   'object-assign': [ '4.1.1' ],
15 silly audit   'object-hash': [ '3.0.0' ],
15 silly audit   'object-inspect': [ '1.13.4' ],
15 silly audit   'path-key': [ '3.1.1' ],
15 silly audit   'path-parse': [ '1.0.7' ],
15 silly audit   'path-scurry': [ '1.10.2' ],
15 silly audit   picocolors: [ '1.0.0' ],
15 silly audit   picomatch: [ '2.3.1' ],
15 silly audit   pify: [ '2.3.0' ],
15 silly audit   pirates: [ '4.0.6' ],
15 silly audit   postcss: [ '8.4.38' ],
15 silly audit   'postcss-import': [ '15.1.0' ],
15 silly audit   'postcss-js': [ '4.0.1' ],
15 silly audit   'postcss-load-config': [ '4.0.2' ],
15 silly audit   'postcss-nested': [ '6.0.1' ],
15 silly audit   'postcss-selector-parser': [ '6.0.16' ],
15 silly audit   'postcss-value-parser': [ '4.2.0' ],
15 silly audit   'proxy-from-env': [ '1.1.0' ],
15 silly audit   qs: [ '6.14.1' ],
15 silly audit   'queue-microtask': [ '1.2.3' ],
15 silly audit   react: [ '18.2.0' ],
15 silly audit   'react-dom': [ '18.2.0' ],
15 silly audit   'react-refresh': [ '0.14.0' ],
15 silly audit   'read-cache': [ '1.0.0' ],
15 silly audit   readdirp: [ '3.6.0' ],
15 silly audit   resolve: [ '1.22.8' ],
15 silly audit   reusify: [ '1.0.4' ],
15 silly audit   rollup: [ '4.13.2' ],
15 silly audit   'run-parallel': [ '1.2.0' ],
15 silly audit   scheduler: [ '0.23.0' ],
15 silly audit   semver: [ '6.3.1' ],
15 silly audit   'shebang-command': [ '2.0.0' ],
15 silly audit   'shebang-regex': [ '3.0.0' ],
15 silly audit   'side-channel': [ '1.1.0' ],
15 silly audit   'side-channel-list': [ '1.0.0' ],
15 silly audit   'side-channel-map': [ '1.0.1' ],
15 silly audit   'side-channel-weakmap': [ '1.0.2' ],
15 silly audit   'signal-exit': [ '4.1.0' ],
15 silly audit   'source-map-js': [ '1.2.0' ],
15 silly audit   'string-width': [ '5.1.2', '4.2.3' ],
15 silly audit   'strip-ansi': [ '6.0.1', '7.1.0' ],
15 silly audit   sucrase: [ '3.35.0' ],
15 silly audit   'supports-color': [ '5.5.0' ],
15 silly audit   'supports-preserve-symlinks-flag': [ '1.0.0' ],
15 silly audit   tabbable: [ '6.4.0' ],
15 silly audit   tailwindcss: [ '3.4.3' ],
15 silly audit   thenify: [ '3.3.1' ],
15 silly audit   'thenify-all': [ '1.6.0' ],
15 silly audit   'to-fast-properties': [ '2.0.0' ],
15 silly audit   'to-regex-range': [ '5.0.1' ],
15 silly audit   'ts-interface-checker': [ '0.1.13' ],
15 silly audit   tslib: [ '2.8.1' ],
15 silly audit   'update-browserslist-db': [ '1.0.13' ],
15 silly audit   'use-sync-external-store': [ '1.6.0' ],
15 silly audit   'util-deprecate': [ '1.0.2' ],
15 silly audit   vite: [ '5.2.7' ],
15 silly audit   'vite-plugin-full-reload': [ '1.1.0' ],
15 silly audit   which: [ '2.0.2' ],
15 silly audit   'wrap-ansi': [ '8.1.0', '7.0.0' ],
15 silly audit   yallist: [ '3.1.1' ],
15 silly audit   yaml: [ '2.4.1' ]
15 silly audit }
16 verbose reify failed optional dependency /var/www/node_modules/fsevents
17 silly reify mark deleted [ '/var/www/node_modules/fsevents' ]
18 verbose reify failed optional dependency /var/www/node_modules/@rollup/rollup-win32-x64-msvc
19 silly reify mark deleted [ '/var/www/node_modules/@rollup/rollup-win32-x64-msvc' ]
20 verbose reify failed optional dependency /var/www/node_modules/@rollup/rollup-win32-ia32-msvc
21 silly reify mark deleted [ '/var/www/node_modules/@rollup/rollup-win32-ia32-msvc' ]
22 verbose reify failed optional dependency /var/www/node_modules/@rollup/rollup-win32-arm64-msvc
23 silly reify mark deleted [ '/var/www/node_modules/@rollup/rollup-win32-arm64-msvc' ]
24 verbose reify failed optional dependency /var/www/node_modules/@rollup/rollup-linux-s390x-gnu
25 silly reify mark deleted [ '/var/www/node_modules/@rollup/rollup-linux-s390x-gnu' ]
26 verbose reify failed optional dependency /var/www/node_modules/@rollup/rollup-linux-riscv64-gnu
27 silly reify mark deleted [ '/var/www/node_modules/@rollup/rollup-linux-riscv64-gnu' ]
28 verbose reify failed optional dependency /var/www/node_modules/@rollup/rollup-linux-powerpc64le-gnu
29 silly reify mark deleted [ '/var/www/node_modules/@rollup/rollup-linux-powerpc64le-gnu' ]
30 verbose reify failed optional dependency /var/www/node_modules/@rollup/rollup-linux-arm64-musl
31 silly reify mark deleted [ '/var/www/node_modules/@rollup/rollup-linux-arm64-musl' ]
32 verbose reify failed optional dependency /var/www/node_modules/@rollup/rollup-linux-arm64-gnu
33 silly reify mark deleted [ '/var/www/node_modules/@rollup/rollup-linux-arm64-gnu' ]
34 verbose reify failed optional dependency /var/www/node_modules/@rollup/rollup-linux-arm-gnueabihf
35 silly reify mark deleted [ '/var/www/node_modules/@rollup/rollup-linux-arm-gnueabihf' ]
36 verbose reify failed optional dependency /var/www/node_modules/@rollup/rollup-darwin-x64
37 silly reify mark deleted [ '/var/www/node_modules/@rollup/rollup-darwin-x64' ]
38 verbose reify failed optional dependency /var/www/node_modules/@rollup/rollup-darwin-arm64
39 silly reify mark deleted [ '/var/www/node_modules/@rollup/rollup-darwin-arm64' ]
40 verbose reify failed optional dependency /var/www/node_modules/@rollup/rollup-android-arm64
41 silly reify mark deleted [ '/var/www/node_modules/@rollup/rollup-android-arm64' ]
42 verbose reify failed optional dependency /var/www/node_modules/@rollup/rollup-android-arm-eabi
43 silly reify mark deleted [ '/var/www/node_modules/@rollup/rollup-android-arm-eabi' ]
44 verbose reify failed optional dependency /var/www/node_modules/@esbuild/win32-x64
45 silly reify mark deleted [ '/var/www/node_modules/@esbuild/win32-x64' ]
46 verbose reify failed optional dependency /var/www/node_modules/@esbuild/win32-ia32
47 silly reify mark deleted [ '/var/www/node_modules/@esbuild/win32-ia32' ]
48 verbose reify failed optional dependency /var/www/node_modules/@esbuild/win32-arm64
49 silly reify mark deleted [ '/var/www/node_modules/@esbuild/win32-arm64' ]
50 verbose reify failed optional dependency /var/www/node_modules/@esbuild/sunos-x64
51 silly reify mark deleted [ '/var/www/node_modules/@esbuild/sunos-x64' ]
52 verbose reify failed optional dependency /var/www/node_modules/@esbuild/openbsd-x64
53 silly reify mark deleted [ '/var/www/node_modules/@esbuild/openbsd-x64' ]
54 verbose reify failed optional dependency /var/www/node_modules/@esbuild/netbsd-x64
55 silly reify mark deleted [ '/var/www/node_modules/@esbuild/netbsd-x64' ]
56 verbose reify failed optional dependency /var/www/node_modules/@esbuild/linux-s390x
57 silly reify mark deleted [ '/var/www/node_modules/@esbuild/linux-s390x' ]
58 verbose reify failed optional dependency /var/www/node_modules/@esbuild/linux-riscv64
59 silly reify mark deleted [ '/var/www/node_modules/@esbuild/linux-riscv64' ]
60 verbose reify failed optional dependency /var/www/node_modules/@esbuild/linux-ppc64
61 silly reify mark deleted [ '/var/www/node_modules/@esbuild/linux-ppc64' ]
62 verbose reify failed optional dependency /var/www/node_modules/@esbuild/linux-mips64el
63 silly reify mark deleted [ '/var/www/node_modules/@esbuild/linux-mips64el' ]
64 verbose reify failed optional dependency /var/www/node_modules/@esbuild/linux-loong64
65 silly reify mark deleted [ '/var/www/node_modules/@esbuild/linux-loong64' ]
66 verbose reify failed optional dependency /var/www/node_modules/@esbuild/linux-ia32
67 silly reify mark deleted [ '/var/www/node_modules/@esbuild/linux-ia32' ]
68 verbose reify failed optional dependency /var/www/node_modules/@esbuild/linux-arm64
69 silly reify mark deleted [ '/var/www/node_modules/@esbuild/linux-arm64' ]
70 verbose reify failed optional dependency /var/www/node_modules/@esbuild/linux-arm
71 silly reify mark deleted [ '/var/www/node_modules/@esbuild/linux-arm' ]
72 verbose reify failed optional dependency /var/www/node_modules/@esbuild/freebsd-x64
73 silly reify mark deleted [ '/var/www/node_modules/@esbuild/freebsd-x64' ]
74 verbose reify failed optional dependency /var/www/node_modules/@esbuild/freebsd-arm64
75 silly reify mark deleted [ '/var/www/node_modules/@esbuild/freebsd-arm64' ]
76 verbose reify failed optional dependency /var/www/node_modules/@esbuild/darwin-x64
77 silly reify mark deleted [ '/var/www/node_modules/@esbuild/darwin-x64' ]
78 verbose reify failed optional dependency /var/www/node_modules/@esbuild/darwin-arm64
79 silly reify mark deleted [ '/var/www/node_modules/@esbuild/darwin-arm64' ]
80 verbose reify failed optional dependency /var/www/node_modules/@esbuild/android-x64
81 silly reify mark deleted [ '/var/www/node_modules/@esbuild/android-x64' ]
82 verbose reify failed optional dependency /var/www/node_modules/@esbuild/android-arm64
83 silly reify mark deleted [ '/var/www/node_modules/@esbuild/android-arm64' ]
84 verbose reify failed optional dependency /var/www/node_modules/@esbuild/android-arm
85 silly reify mark deleted [ '/var/www/node_modules/@esbuild/android-arm' ]
86 verbose reify failed optional dependency /var/www/node_modules/@esbuild/aix-ppc64
87 silly reify mark deleted [ '/var/www/node_modules/@esbuild/aix-ppc64' ]
88 http fetch POST 200 https://registry.npmjs.org/-/npm/v1/security/advisories/bulk 1010ms
89 silly audit report {
89 silly audit report   '@babel/helpers': [
89 silly audit report     {
89 silly audit report       id: 1104001,
89 silly audit report       url: 'https://github.com/advisories/GHSA-968p-4wvh-cqc8',
89 silly audit report       title: 'Babel has inefficient RegExp complexity in generated code with .replace when transpiling named capturing groups',
89 silly audit report       severity: 'moderate',
89 silly audit report       vulnerable_versions: '<7.26.10',
89 silly audit report       cwe: [Array],
89 silly audit report       cvss: [Object]
89 silly audit report     }
89 silly audit report   ],
89 silly audit report   'brace-expansion': [
89 silly audit report     {
89 silly audit report       id: 1105444,
89 silly audit report       url: 'https://github.com/advisories/GHSA-v6h2-p8h4-qcjw',
89 silly audit report       title: 'brace-expansion Regular Expression Denial of Service vulnerability',
89 silly audit report       severity: 'low',
89 silly audit report       vulnerable_versions: '>=2.0.0 <=2.0.1',
89 silly audit report       cwe: [Array],
89 silly audit report       cvss: [Object]
89 silly audit report     }
89 silly audit report   ],
89 silly audit report   braces: [
89 silly audit report     {
89 silly audit report       id: 1098094,
89 silly audit report       url: 'https://github.com/advisories/GHSA-grv7-fg5c-xmjg',
89 silly audit report       title: 'Uncontrolled resource consumption in braces',
89 silly audit report       severity: 'high',
89 silly audit report       vulnerable_versions: '<3.0.3',
89 silly audit report       cwe: [Array],
89 silly audit report       cvss: [Object]
89 silly audit report     }
89 silly audit report   ],
89 silly audit report   'cross-spawn': [
89 silly audit report     {
89 silly audit report       id: 1104664,
89 silly audit report       url: 'https://github.com/advisories/GHSA-3xgq-45jj-v275',
89 silly audit report       title: 'Regular Expression Denial of Service (ReDoS) in cross-spawn',
89 silly audit report       severity: 'high',
89 silly audit report       vulnerable_versions: '>=7.0.0 <7.0.5',
89 silly audit report       cwe: [Array],
89 silly audit report       cvss: [Object]
89 silly audit report     }
89 silly audit report   ],
89 silly audit report   esbuild: [
89 silly audit report     {
89 silly audit report       id: 1102341,
89 silly audit report       url: 'https://github.com/advisories/GHSA-67mh-4wv8-2f99',
89 silly audit report       title: 'esbuild enables any website to send any requests to the development server and read the response',
89 silly audit report       severity: 'moderate',
89 silly audit report       vulnerable_versions: '<=0.24.2',
89 silly audit report       cwe: [Array],
89 silly audit report       cvss: [Object]
89 silly audit report     }
89 silly audit report   ],
89 silly audit report   glob: [
89 silly audit report     {
89 silly audit report       id: 1109842,
89 silly audit report       url: 'https://github.com/advisories/GHSA-5j98-mcp5-4vw2',
89 silly audit report       title: 'glob CLI: Command injection via -c/--cmd executes matches with shell:true',
89 silly audit report       severity: 'high',
89 silly audit report       vulnerable_versions: '>=10.2.0 <10.5.0',
89 silly audit report       cwe: [Array],
89 silly audit report       cvss: [Object]
89 silly audit report     }
89 silly audit report   ],
89 silly audit report   micromatch: [
89 silly audit report     {
89 silly audit report       id: 1098681,
89 silly audit report       url: 'https://github.com/advisories/GHSA-952p-6rrq-rcjv',
89 silly audit report       title: 'Regular Expression Denial of Service (ReDoS) in micromatch',
89 silly audit report       severity: 'moderate',
89 silly audit report       vulnerable_versions: '<4.0.8',
89 silly audit report       cwe: [Array],
89 silly audit report       cvss: [Object]
89 silly audit report     }
89 silly audit report   ],
89 silly audit report   nanoid: [
89 silly audit report     {
89 silly audit report       id: 1109563,
89 silly audit report       url: 'https://github.com/advisories/GHSA-mwcw-c2x4-8c55',
89 silly audit report       title: 'Predictable results in nanoid generation when given non-integer values',
89 silly audit report       severity: 'moderate',
89 silly audit report       vulnerable_versions: '<3.3.8',
89 silly audit report       cwe: [Array],
89 silly audit report       cvss: [Object]
89 silly audit report     }
89 silly audit report   ],
89 silly audit report   rollup: [
89 silly audit report     {
89 silly audit report       id: 1099764,
89 silly audit report       url: 'https://github.com/advisories/GHSA-gcx4-mw62-g8wm',
89 silly audit report       title: 'DOM Clobbering Gadget found in rollup bundled scripts that leads to XSS',
89 silly audit report       severity: 'high',
89 silly audit report       vulnerable_versions: '>=4.0.0 <4.22.4',
89 silly audit report       cwe: [Array],
89 silly audit report       cvss: [Object]
89 silly audit report     }
89 silly audit report   ],
89 silly audit report   vite: [
89 silly audit report     {
89 silly audit report       id: 1099688,
89 silly audit report       url: 'https://github.com/advisories/GHSA-9cwx-2883-4wfx',
89 silly audit report       title: "Vite's `server.fs.deny` is bypassed when using `?import&raw`",
89 silly audit report       severity: 'moderate',
89 silly audit report       vulnerable_versions: '>=5.2.0 <5.2.14',
89 silly audit report       cwe: [Array],
89 silly audit report       cvss: [Object]
89 silly audit report     },
89 silly audit report     {
89 silly audit report       id: 1099691,
89 silly audit report       url: 'https://github.com/advisories/GHSA-64vr-g452-qvp3',
89 silly audit report       title: 'Vite DOM Clobbering gadget found in vite bundled scripts that leads to XSS',
89 silly audit report       severity: 'moderate',
89 silly audit report       vulnerable_versions: '>=5.2.0 <5.2.14',
89 silly audit report       cwe: [Array],
89 silly audit report       cvss: [Object]
89 silly audit report     },
89 silly audit report     {
89 silly audit report       id: 1102437,
89 silly audit report       url: 'https://github.com/advisories/GHSA-vg6x-rcgg-rjx6',
89 silly audit report       title: 'Websites were able to send any requests to the development server and read the response in vite',
89 silly audit report       severity: 'moderate',
89 silly audit report       vulnerable_versions: '>=5.0.0 <=5.4.11',
89 silly audit report       cwe: [Array],
89 silly audit report       cvss: [Object]
89 silly audit report     },
89 silly audit report     {
89 silly audit report       id: 1103517,
89 silly audit report       url: 'https://github.com/advisories/GHSA-x574-m823-4x7w',
89 silly audit report       title: 'Vite bypasses server.fs.deny when using ?raw??',
89 silly audit report       severity: 'moderate',
89 silly audit report       vulnerable_versions: '>=5.0.0 <5.4.15',
89 silly audit report       cwe: [Array],
89 silly audit report       cvss: [Object]
89 silly audit report     },
89 silly audit report     {
89 silly audit report       id: 1103884,
89 silly audit report       url: 'https://github.com/advisories/GHSA-356w-63v5-8wf4',
89 silly audit report       title: 'Vite has an `server.fs.deny` bypass with an invalid `request-target`',
89 silly audit report       severity: 'moderate',
89 silly audit report       vulnerable_versions: '>=5.0.0 <5.4.18',
89 silly audit report       cwe: [Array],
89 silly audit report       cvss: [Object]
89 silly audit report     },
89 silly audit report     {
89 silly audit report       id: 1104173,
89 silly audit report       url: 'https://github.com/advisories/GHSA-859w-5945-r5v3',
89 silly audit report       title: "Vite's server.fs.deny bypassed with /. for files under project root",
89 silly audit report       severity: 'moderate',
89 silly audit report       vulnerable_versions: '>=5.0.0 <=5.4.18',
89 silly audit report       cwe: [Array],
89 silly audit report       cvss: [Object]
89 silly audit report     },
89 silly audit report     {
89 silly audit report       id: 1104202,
89 silly audit report       url: 'https://github.com/advisories/GHSA-xcj6-pq6g-qj4x',
89 silly audit report       title: 'Vite allows server.fs.deny to be bypassed with .svg or relative paths',
89 silly audit report       severity: 'moderate',
89 silly audit report       vulnerable_versions: '>=5.0.0 <5.4.17',
89 silly audit report       cwe: [Array],
89 silly audit report       cvss: [Object]
89 silly audit report     },
89 silly audit report     {
89 silly audit report       id: 1107323,
89 silly audit report       url: 'https://github.com/advisories/GHSA-g4jq-h2w9-997c',
89 silly audit report       title: 'Vite middleware may serve files starting with the same name with the public directory',
89 silly audit report       severity: 'low',
89 silly audit report       vulnerable_versions: '<=5.4.19',
89 silly audit report       cwe: [Array],
89 silly audit report       cvss: [Object]
89 silly audit report     },
89 silly audit report     {
89 silly audit report       id: 1107327,
89 silly audit report       url: 'https://github.com/advisories/GHSA-jqfw-vq24-v9c3',
89 silly audit report       title: "Vite's `server.fs` settings were not applied to HTML files",
89 silly audit report       severity: 'low',
89 silly audit report       vulnerable_versions: '<=5.4.19',
89 silly audit report       cwe: [Array],
89 silly audit report       cvss: [Object]
89 silly audit report     },
89 silly audit report     {
89 silly audit report       id: 1109131,
89 silly audit report       url: 'https://github.com/advisories/GHSA-93m4-6634-74q7',
89 silly audit report       title: 'vite allows server.fs.deny bypass via backslash on Windows',
89 silly audit report       severity: 'moderate',
89 silly audit report       vulnerable_versions: '>=5.2.6 <=5.4.20',
89 silly audit report       cwe: [Array],
89 silly audit report       cvss: [Object]
89 silly audit report     },
89 silly audit report     {
89 silly audit report       id: 1112511,
89 silly audit report       url: 'https://github.com/advisories/GHSA-4r4m-qw57-chr8',
89 silly audit report       title: 'Vite has a `server.fs.deny` bypassed for `inline` and `raw` with `?import` query',
89 silly audit report       severity: 'moderate',
89 silly audit report       vulnerable_versions: '>=5.0.0 <5.4.16',
89 silly audit report       cwe: [Array],
89 silly audit report       cvss: [Object]
89 silly audit report     }
89 silly audit report   ]
89 silly audit report }
90 silly packumentCache corgi:https://registry.npmjs.org/@babel%2fhelpers cache-miss
91 silly packumentCache corgi:https://registry.npmjs.org/brace-expansion cache-miss
92 silly packumentCache corgi:https://registry.npmjs.org/braces cache-miss
93 silly packumentCache corgi:https://registry.npmjs.org/cross-spawn cache-miss
94 silly packumentCache corgi:https://registry.npmjs.org/esbuild cache-miss
95 silly packumentCache corgi:https://registry.npmjs.org/glob cache-miss
96 silly packumentCache corgi:https://registry.npmjs.org/micromatch cache-miss
97 silly packumentCache corgi:https://registry.npmjs.org/nanoid cache-miss
98 silly packumentCache corgi:https://registry.npmjs.org/rollup cache-miss
99 silly packumentCache corgi:https://registry.npmjs.org/vite cache-miss
100 http fetch GET 200 https://registry.npmjs.org/braces 226ms (cache revalidated)
101 silly packumentCache corgi:https://registry.npmjs.org/braces set size:35919 disposed:false
102 http fetch GET 200 https://registry.npmjs.org/micromatch 709ms (cache revalidated)
103 silly packumentCache corgi:https://registry.npmjs.org/micromatch set size:71776 disposed:false
104 http fetch GET 200 https://registry.npmjs.org/nanoid 728ms (cache revalidated)
105 silly packumentCache corgi:https://registry.npmjs.org/nanoid set size:144434 disposed:false
106 http fetch GET 200 https://registry.npmjs.org/brace-expansion 735ms (cache revalidated)
107 silly packumentCache corgi:https://registry.npmjs.org/brace-expansion set size:16192 disposed:false
108 http fetch GET 200 https://registry.npmjs.org/cross-spawn 735ms (cache revalidated)
109 silly packumentCache corgi:https://registry.npmjs.org/cross-spawn set size:44626 disposed:false
110 http fetch GET 200 https://registry.npmjs.org/glob 752ms (cache revalidated)
111 silly packumentCache corgi:https://registry.npmjs.org/glob set size:159574 disposed:false
112 http fetch GET 200 https://registry.npmjs.org/@babel%2fhelpers 758ms (cache revalidated)
113 silly packumentCache corgi:https://registry.npmjs.org/@babel%2fhelpers set size:204272 disposed:false
114 http fetch GET 200 https://registry.npmjs.org/vite 761ms (cache revalidated)
115 silly packumentCache corgi:https://registry.npmjs.org/vite set size:2172362 disposed:false
116 http fetch GET 200 https://registry.npmjs.org/esbuild 829ms (cache revalidated)
117 silly packumentCache corgi:https://registry.npmjs.org/esbuild set size:877737 disposed:false
118 http fetch GET 200 https://registry.npmjs.org/rollup 1327ms (cache updated)
119 silly packumentCache corgi:https://registry.npmjs.org/rollup set size:undefined disposed:false
120 silly packumentCache corgi:https://registry.npmjs.org/@babel%2fcore cache-miss
121 http fetch GET 200 https://registry.npmjs.org/@babel%2fcore 223ms (cache revalidated)
122 silly packumentCache corgi:https://registry.npmjs.org/@babel%2fcore set size:403464 disposed:false
123 silly packumentCache corgi:https://registry.npmjs.org/minimatch cache-miss
124 http fetch GET 200 https://registry.npmjs.org/minimatch 190ms (cache revalidated)
125 silly packumentCache corgi:https://registry.npmjs.org/minimatch set size:145311 disposed:false
126 silly packumentCache corgi:https://registry.npmjs.org/chokidar cache-miss
127 http fetch GET 200 https://registry.npmjs.org/chokidar 199ms (cache revalidated)
128 silly packumentCache corgi:https://registry.npmjs.org/chokidar set size:119454 disposed:false
129 silly packumentCache corgi:https://registry.npmjs.org/foreground-child cache-miss
130 http fetch GET 200 https://registry.npmjs.org/foreground-child 188ms (cache revalidated)
131 silly packumentCache corgi:https://registry.npmjs.org/foreground-child set size:21249 disposed:false
132 silly packumentCache corgi:https://registry.npmjs.org/sucrase cache-miss
133 http fetch GET 200 https://registry.npmjs.org/sucrase 218ms (cache revalidated)
134 silly packumentCache corgi:https://registry.npmjs.org/sucrase set size:163085 disposed:false
135 silly packumentCache corgi:https://registry.npmjs.org/fast-glob cache-miss
136 silly packumentCache corgi:https://registry.npmjs.org/tailwindcss cache-miss
137 http fetch GET 200 https://registry.npmjs.org/fast-glob 194ms (cache revalidated)
138 silly packumentCache corgi:https://registry.npmjs.org/fast-glob set size:86036 disposed:false
139 http fetch GET 200 https://registry.npmjs.org/tailwindcss 211ms (cache revalidated)
140 silly packumentCache corgi:https://registry.npmjs.org/tailwindcss set size:4591578 disposed:false
141 silly packumentCache corgi:https://registry.npmjs.org/postcss cache-miss
142 http fetch GET 200 https://registry.npmjs.org/postcss 196ms (cache revalidated)
143 silly packumentCache corgi:https://registry.npmjs.org/postcss set size:337129 disposed:false
144 silly packumentCache corgi:https://registry.npmjs.org/@vitejs%2fplugin-react cache-miss
145 silly packumentCache corgi:https://registry.npmjs.org/laravel-vite-plugin cache-miss
146 http fetch GET 200 https://registry.npmjs.org/@vitejs%2fplugin-react 207ms (cache revalidated)
147 silly packumentCache corgi:https://registry.npmjs.org/@vitejs%2fplugin-react set size:104872 disposed:false
148 http fetch GET 200 https://registry.npmjs.org/laravel-vite-plugin 360ms (cache revalidated)
149 silly packumentCache corgi:https://registry.npmjs.org/laravel-vite-plugin set size:63107 disposed:false
150 silly ADD
151 silly ADD
152 silly ADD
153 silly ADD
154 silly ADD
155 silly ADD
156 silly ADD
157 silly ADD
158 silly ADD
159 silly ADD
160 silly ADD
161 silly ADD
162 silly ADD
163 silly ADD
164 silly ADD
165 silly ADD
166 silly ADD
167 silly ADD
168 silly ADD
169 silly ADD
170 silly ADD
171 silly ADD
172 silly ADD
173 silly ADD
174 silly ADD
175 silly ADD
176 silly ADD
177 silly ADD
178 silly ADD
179 silly ADD
180 silly ADD
181 silly ADD
182 silly ADD
183 silly ADD
184 silly ADD
185 silly ADD
186 verbose cwd /var/www
187 verbose os Linux 5.15.167.4-microsoft-standard-WSL2
188 verbose node v20.20.0
189 verbose npm  v10.8.2
190 verbose exit 0
191 info ok
